{"/home/travis/build/npmtest/node-npmtest-bean/test.js":{"path":"/home/travis/build/npmtest/node-npmtest-bean/test.js","s":{"1":2,"2":2,"3":2,"4":2,"5":2,"6":2,"7":2,"8":1,"9":2,"10":2,"11":1,"12":1,"13":1,"14":1,"15":2,"16":2,"17":2,"18":2,"19":1,"20":1,"21":2,"22":2,"23":2,"24":1,"25":1,"26":1,"27":1,"28":1,"29":1,"30":1,"31":1,"32":1,"33":1,"34":1,"35":1,"36":1,"37":2,"38":2,"39":1,"40":2,"41":2,"42":1,"43":2,"44":2,"45":1,"46":2,"47":2,"48":1,"49":1,"50":1,"51":1,"52":1},"b":{"1":[2,1,1,1],"2":[1,1,1,1],"3":[1,1],"4":[1,1],"5":[1,1],"6":[1,1],"7":[1,1],"8":[1,1],"9":[1,1,1],"10":[1,1],"11":[1,1],"12":[1,1],"13":[1,1],"14":[1,1],"15":[1,1],"16":[1,1]},"f":{"1":2,"2":2,"3":2,"4":2,"5":2,"6":1,"7":1,"8":2,"9":2,"10":2,"11":2,"12":1},"fnMap":{"1":{"name":"(anonymous_1)","line":12,"loc":{"start":{"line":12,"column":1},"end":{"line":12,"column":13}}},"2":{"name":"(anonymous_2)","line":19,"loc":{"start":{"line":19,"column":5},"end":{"line":19,"column":17}}},"3":{"name":"(anonymous_3)","line":23,"loc":{"start":{"line":23,"column":24},"end":{"line":23,"column":36}}},"4":{"name":"(anonymous_4)","line":61,"loc":{"start":{"line":61,"column":5},"end":{"line":61,"column":17}}},"5":{"name":"(anonymous_5)","line":82,"loc":{"start":{"line":82,"column":5},"end":{"line":82,"column":17}}},"6":{"name":"(anonymous_6)","line":102,"loc":{"start":{"line":102,"column":83},"end":{"line":105,"column":10}},"skip":true},"7":{"name":"(anonymous_7)","line":113,"loc":{"start":{"line":113,"column":77},"end":{"line":116,"column":10}},"skip":true},"8":{"name":"(anonymous_8)","line":129,"loc":{"start":{"line":129,"column":12},"end":{"line":129,"column":40}},"skip":true},"9":{"name":"(anonymous_9)","line":137,"loc":{"start":{"line":137,"column":77},"end":{"line":140,"column":10}},"skip":true},"10":{"name":"(anonymous_10)","line":148,"loc":{"start":{"line":148,"column":83},"end":{"line":151,"column":10}},"skip":true},"11":{"name":"(anonymous_11)","line":159,"loc":{"start":{"line":159,"column":79},"end":{"line":162,"column":10}},"skip":true},"12":{"name":"(anonymous_12)","line":170,"loc":{"start":{"line":170,"column":75},"end":{"line":173,"column":10}},"skip":true}},"statementMap":{"1":{"start":{"line":12,"column":0},"end":{"line":185,"column":5}},"2":{"start":{"line":14,"column":4},"end":{"line":14,"column":14}},"3":{"start":{"line":19,"column":4},"end":{"line":56,"column":9}},"4":{"start":{"line":21,"column":8},"end":{"line":21,"column":19}},"5":{"start":{"line":23,"column":8},"end":{"line":35,"column":13}},"6":{"start":{"line":24,"column":12},"end":{"line":34,"column":13}},"7":{"start":{"line":25,"column":16},"end":{"line":28,"column":30}},"8":{"start":{"line":30,"column":16},"end":{"line":33,"column":27}},"9":{"start":{"line":37,"column":8},"end":{"line":39,"column":21}},"10":{"start":{"line":40,"column":8},"end":{"line":53,"column":9}},"11":{"start":{"line":43,"column":12},"end":{"line":46,"column":14}},"12":{"start":{"line":47,"column":12},"end":{"line":47,"column":18}},"13":{"start":{"line":50,"column":12},"end":{"line":51,"column":46}},"14":{"start":{"line":52,"column":12},"end":{"line":52,"column":18}},"15":{"start":{"line":55,"column":8},"end":{"line":55,"column":35}},"16":{"start":{"line":61,"column":4},"end":{"line":63,"column":9}},"17":{"start":{"line":62,"column":8},"end":{"line":62,"column":15}},"18":{"start":{"line":64,"column":4},"end":{"line":77,"column":5}},"19":{"start":{"line":70,"column":8},"end":{"line":70,"column":14}},"20":{"start":{"line":76,"column":8},"end":{"line":76,"column":14}},"21":{"start":{"line":82,"column":4},"end":{"line":84,"column":9}},"22":{"start":{"line":83,"column":8},"end":{"line":83,"column":15}},"23":{"start":{"line":85,"column":4},"end":{"line":184,"column":5}},"24":{"start":{"line":92,"column":8},"end":{"line":94,"column":63}},"25":{"start":{"line":95,"column":8},"end":{"line":95,"column":14}},"26":{"start":{"line":102,"column":8},"end":{"line":111,"column":10},"skip":true},"27":{"start":{"line":109,"column":12},"end":{"line":109,"column":55},"skip":true},"28":{"start":{"line":110,"column":12},"end":{"line":110,"column":48},"skip":true},"29":{"start":{"line":113,"column":8},"end":{"line":126,"column":10},"skip":true},"30":{"start":{"line":120,"column":12},"end":{"line":120,"column":76},"skip":true},"31":{"start":{"line":121,"column":12},"end":{"line":121,"column":73},"skip":true},"32":{"start":{"line":122,"column":12},"end":{"line":122,"column":74},"skip":true},"33":{"start":{"line":123,"column":12},"end":{"line":123,"column":79},"skip":true},"34":{"start":{"line":124,"column":12},"end":{"line":124,"column":25},"skip":true},"35":{"start":{"line":125,"column":12},"end":{"line":125,"column":45},"skip":true},"36":{"start":{"line":128,"column":8},"end":{"line":135,"column":14},"skip":true},"37":{"start":{"line":133,"column":16},"end":{"line":133,"column":29},"skip":true},"38":{"start":{"line":134,"column":16},"end":{"line":134,"column":55},"skip":true},"39":{"start":{"line":137,"column":8},"end":{"line":146,"column":10},"skip":true},"40":{"start":{"line":144,"column":12},"end":{"line":144,"column":25},"skip":true},"41":{"start":{"line":145,"column":12},"end":{"line":145,"column":45},"skip":true},"42":{"start":{"line":148,"column":8},"end":{"line":157,"column":10},"skip":true},"43":{"start":{"line":155,"column":12},"end":{"line":155,"column":25},"skip":true},"44":{"start":{"line":156,"column":12},"end":{"line":156,"column":48},"skip":true},"45":{"start":{"line":159,"column":8},"end":{"line":168,"column":10},"skip":true},"46":{"start":{"line":166,"column":12},"end":{"line":166,"column":25},"skip":true},"47":{"start":{"line":167,"column":12},"end":{"line":167,"column":46},"skip":true},"48":{"start":{"line":170,"column":8},"end":{"line":179,"column":10},"skip":true},"49":{"start":{"line":177,"column":12},"end":{"line":177,"column":94},"skip":true},"50":{"start":{"line":178,"column":12},"end":{"line":178,"column":48},"skip":true},"51":{"start":{"line":182,"column":8},"end":{"line":182,"column":35},"skip":true},"52":{"start":{"line":183,"column":8},"end":{"line":183,"column":14},"skip":true}},"branchMap":{"1":{"line":25,"type":"binary-expr","locations":[{"start":{"line":25,"column":23},"end":{"line":25,"column":62}},{"start":{"line":26,"column":20},"end":{"line":26,"column":70}},{"start":{"line":27,"column":20},"end":{"line":27,"column":71}},{"start":{"line":28,"column":20},"end":{"line":28,"column":29}}]},"2":{"line":30,"type":"binary-expr","locations":[{"start":{"line":30,"column":23},"end":{"line":30,"column":37}},{"start":{"line":31,"column":20},"end":{"line":31,"column":61}},{"start":{"line":32,"column":20},"end":{"line":32,"column":70}},{"start":{"line":33,"column":20},"end":{"line":33,"column":26}}]},"3":{"line":37,"type":"cond-expr","locations":[{"start":{"line":38,"column":14},"end":{"line":38,"column":20}},{"start":{"line":39,"column":14},"end":{"line":39,"column":20}}]},"4":{"line":40,"type":"switch","locations":[{"start":{"line":42,"column":8},"end":{"line":47,"column":18}},{"start":{"line":49,"column":8},"end":{"line":52,"column":18}}]},"5":{"line":44,"type":"binary-expr","locations":[{"start":{"line":44,"column":16},"end":{"line":44,"column":44}},{"start":{"line":44,"column":48},"end":{"line":44,"column":66}}]},"6":{"line":50,"type":"binary-expr","locations":[{"start":{"line":50,"column":21},"end":{"line":50,"column":49}},{"start":{"line":50,"column":53},"end":{"line":50,"column":72}}]},"7":{"line":64,"type":"switch","locations":[{"start":{"line":69,"column":4},"end":{"line":70,"column":14}},{"start":{"line":75,"column":4},"end":{"line":76,"column":14}}]},"8":{"line":85,"type":"switch","locations":[{"start":{"line":90,"column":4},"end":{"line":95,"column":14}},{"start":{"line":101,"column":4},"end":{"line":183,"column":14},"skip":true}]},"9":{"line":92,"type":"binary-expr","locations":[{"start":{"line":92,"column":18},"end":{"line":92,"column":32}},{"start":{"line":93,"column":12},"end":{"line":93,"column":53}},{"start":{"line":94,"column":12},"end":{"line":94,"column":61}}]},"10":{"line":102,"type":"binary-expr","locations":[{"start":{"line":102,"column":45},"end":{"line":102,"column":79},"skip":true},{"start":{"line":102,"column":83},"end":{"line":111,"column":9},"skip":true}]},"11":{"line":113,"type":"binary-expr","locations":[{"start":{"line":113,"column":42},"end":{"line":113,"column":73},"skip":true},{"start":{"line":113,"column":77},"end":{"line":126,"column":9},"skip":true}]},"12":{"line":128,"type":"binary-expr","locations":[{"start":{"line":128,"column":48},"end":{"line":128,"column":85},"skip":true},{"start":{"line":129,"column":12},"end":{"line":135,"column":13},"skip":true}]},"13":{"line":137,"type":"binary-expr","locations":[{"start":{"line":137,"column":42},"end":{"line":137,"column":73},"skip":true},{"start":{"line":137,"column":77},"end":{"line":146,"column":9},"skip":true}]},"14":{"line":148,"type":"binary-expr","locations":[{"start":{"line":148,"column":45},"end":{"line":148,"column":79},"skip":true},{"start":{"line":148,"column":83},"end":{"line":157,"column":9},"skip":true}]},"15":{"line":159,"type":"binary-expr","locations":[{"start":{"line":159,"column":43},"end":{"line":159,"column":75},"skip":true},{"start":{"line":159,"column":79},"end":{"line":168,"column":9},"skip":true}]},"16":{"line":170,"type":"binary-expr","locations":[{"start":{"line":170,"column":41},"end":{"line":170,"column":71},"skip":true},{"start":{"line":170,"column":75},"end":{"line":179,"column":9},"skip":true}]}},"code":["/* istanbul instrument in package npmtest_bean */","/*jslint","    bitwise: true,","    browser: true,","    maxerr: 8,","    maxlen: 96,","    node: true,","    nomen: true,","    regexp: true,","    stupid: true","*/","(function () {","    'use strict';","    var local;","","","","    // run shared js-env code - pre-init","    (function () {","        // init local","        local = {};","        // init modeJs","        local.modeJs = (function () {","            try {","                return typeof navigator.userAgent === 'string' &&","                    typeof document.querySelector('body') === 'object' &&","                    typeof XMLHttpRequest.prototype.open === 'function' &&","                    'browser';","            } catch (errorCaughtBrowser) {","                return module.exports &&","                    typeof process.versions.node === 'string' &&","                    typeof require('http').createServer === 'function' &&","                    'node';","            }","        }());","        // init global","        local.global = local.modeJs === 'browser'","            ? window","            : global;","        switch (local.modeJs) {","        // re-init local from window.local","        case 'browser':","            local = local.global.utility2.objectSetDefault(","                local.global.utility2_rollup || local.global.local,","                local.global.utility2","            );","            break;","        // re-init local from example.js","        case 'node':","            local = (local.global.utility2_rollup || require('utility2'))","                .requireExampleJsFromReadme();","            break;","        }","        // export local","        local.global.local = local;","    }());","","","","    // run shared js-env code - function","    (function () {","        return;","    }());","    switch (local.modeJs) {","","","","    // run browser js-env code - function","    case 'browser':","        break;","","","","    // run node js-env code - function","    case 'node':","        break;","    }","","","","    // run shared js-env code - post-init","    (function () {","        return;","    }());","    switch (local.modeJs) {","","","","    // run browser js-env code - post-init","    case 'browser':","        // run tests","        local.nop(local.modeTest &&","            document.querySelector('#testRunButton1') &&","            document.querySelector('#testRunButton1').click());","        break;","","","","    // run node js-env code - post-init","    /* istanbul ignore next */","    case 'node':","        local.testCase_buildApidoc_default = local.testCase_buildApidoc_default || function (","            options,","            onError","        ) {","        /*","         * this function will test buildApidoc's default handling-behavior-behavior","         */","            options = { modulePathList: module.paths };","            local.buildApidoc(options, onError);","        };","","        local.testCase_buildApp_default = local.testCase_buildApp_default || function (","            options,","            onError","        ) {","        /*","         * this function will test buildApp's default handling-behavior-behavior","         */","            local.testCase_buildReadme_default(options, local.onErrorThrow);","            local.testCase_buildLib_default(options, local.onErrorThrow);","            local.testCase_buildTest_default(options, local.onErrorThrow);","            local.testCase_buildCustomOrg_default(options, local.onErrorThrow);","            options = [];","            local.buildApp(options, onError);","        };","","        local.testCase_buildCustomOrg_default = local.testCase_buildCustomOrg_default ||","            function (options, onError) {","            /*","             * this function will test buildCustomOrg's default handling-behavior","             */","                options = {};","                local.buildCustomOrg(options, onError);","            };","","        local.testCase_buildLib_default = local.testCase_buildLib_default || function (","            options,","            onError","        ) {","        /*","         * this function will test buildLib's default handling-behavior","         */","            options = {};","            local.buildLib(options, onError);","        };","","        local.testCase_buildReadme_default = local.testCase_buildReadme_default || function (","            options,","            onError","        ) {","        /*","         * this function will test buildReadme's default handling-behavior-behavior","         */","            options = {};","            local.buildReadme(options, onError);","        };","","        local.testCase_buildTest_default = local.testCase_buildTest_default || function (","            options,","            onError","        ) {","        /*","         * this function will test buildTest's default handling-behavior","         */","            options = {};","            local.buildTest(options, onError);","        };","","        local.testCase_webpage_default = local.testCase_webpage_default || function (","            options,","            onError","        ) {","        /*","         * this function will test webpage's default handling-behavior","         */","            options = { modeCoverageMerge: true, url: local.serverLocalHost + '?modeTest=1' };","            local.browserTest(options, onError);","        };","","        // run test-server","        local.testRunServer(local);","        break;","    }","}());",""],"l":{"12":2,"14":2,"19":2,"21":2,"23":2,"24":2,"25":2,"30":1,"37":2,"40":2,"43":1,"47":1,"50":1,"52":1,"55":2,"61":2,"62":2,"64":2,"70":1,"76":1,"82":2,"83":2,"85":2,"92":1,"95":1,"102":1,"109":1,"110":1,"113":1,"120":1,"121":1,"122":1,"123":1,"124":1,"125":1,"128":1,"133":2,"134":2,"137":1,"144":2,"145":2,"148":1,"155":2,"156":2,"159":1,"166":2,"167":2,"170":1,"177":1,"178":1,"182":1,"183":1}},"/home/travis/build/npmtest/node-npmtest-bean/lib.npmtest_bean.js":{"path":"/home/travis/build/npmtest/node-npmtest-bean/lib.npmtest_bean.js","s":{"1":2,"2":2,"3":2,"4":2,"5":2,"6":2,"7":2,"8":1,"9":2,"10":2,"11":2,"12":2,"13":1,"14":1,"15":1,"16":1},"b":{"1":[2,1,1,1],"2":[1,1,1,1],"3":[1,1],"4":[2,2],"5":[1,1]},"f":{"1":2,"2":2,"3":2},"fnMap":{"1":{"name":"(anonymous_1)","line":12,"loc":{"start":{"line":12,"column":1},"end":{"line":12,"column":13}}},"2":{"name":"(anonymous_2)","line":19,"loc":{"start":{"line":19,"column":5},"end":{"line":19,"column":17}}},"3":{"name":"(anonymous_3)","line":23,"loc":{"start":{"line":23,"column":24},"end":{"line":23,"column":36}}}},"statementMap":{"1":{"start":{"line":12,"column":0},"end":{"line":53,"column":5}},"2":{"start":{"line":14,"column":4},"end":{"line":14,"column":14}},"3":{"start":{"line":19,"column":4},"end":{"line":52,"column":9}},"4":{"start":{"line":21,"column":8},"end":{"line":21,"column":19}},"5":{"start":{"line":23,"column":8},"end":{"line":35,"column":13}},"6":{"start":{"line":24,"column":12},"end":{"line":34,"column":13}},"7":{"start":{"line":25,"column":16},"end":{"line":28,"column":30}},"8":{"start":{"line":30,"column":16},"end":{"line":33,"column":27}},"9":{"start":{"line":37,"column":8},"end":{"line":39,"column":21}},"10":{"start":{"line":41,"column":8},"end":{"line":41,"column":54}},"11":{"start":{"line":43,"column":8},"end":{"line":43,"column":49}},"12":{"start":{"line":45,"column":8},"end":{"line":51,"column":9}},"13":{"start":{"line":46,"column":12},"end":{"line":46,"column":55}},"14":{"start":{"line":48,"column":12},"end":{"line":48,"column":35}},"15":{"start":{"line":49,"column":12},"end":{"line":49,"column":49}},"16":{"start":{"line":50,"column":12},"end":{"line":50,"column":43}}},"branchMap":{"1":{"line":25,"type":"binary-expr","locations":[{"start":{"line":25,"column":23},"end":{"line":25,"column":62}},{"start":{"line":26,"column":20},"end":{"line":26,"column":70}},{"start":{"line":27,"column":20},"end":{"line":27,"column":71}},{"start":{"line":28,"column":20},"end":{"line":28,"column":29}}]},"2":{"line":30,"type":"binary-expr","locations":[{"start":{"line":30,"column":23},"end":{"line":30,"column":37}},{"start":{"line":31,"column":20},"end":{"line":31,"column":61}},{"start":{"line":32,"column":20},"end":{"line":32,"column":70}},{"start":{"line":33,"column":20},"end":{"line":33,"column":26}}]},"3":{"line":37,"type":"cond-expr","locations":[{"start":{"line":38,"column":14},"end":{"line":38,"column":20}},{"start":{"line":39,"column":14},"end":{"line":39,"column":20}}]},"4":{"line":41,"type":"binary-expr","locations":[{"start":{"line":41,"column":16},"end":{"line":41,"column":44}},{"start":{"line":41,"column":48},"end":{"line":41,"column":53}}]},"5":{"line":45,"type":"if","locations":[{"start":{"line":45,"column":8},"end":{"line":45,"column":8}},{"start":{"line":45,"column":8},"end":{"line":45,"column":8}}]}},"code":["/* istanbul instrument in package npmtest_bean */","/*jslint","    bitwise: true,","    browser: true,","    maxerr: 8,","    maxlen: 96,","    node: true,","    nomen: true,","    regexp: true,","    stupid: true","*/","(function () {","    'use strict';","    var local;","","","","    // run shared js-env code - pre-init","    (function () {","        // init local","        local = {};","        // init modeJs","        local.modeJs = (function () {","            try {","                return typeof navigator.userAgent === 'string' &&","                    typeof document.querySelector('body') === 'object' &&","                    typeof XMLHttpRequest.prototype.open === 'function' &&","                    'browser';","            } catch (errorCaughtBrowser) {","                return module.exports &&","                    typeof process.versions.node === 'string' &&","                    typeof require('http').createServer === 'function' &&","                    'node';","            }","        }());","        // init global","        local.global = local.modeJs === 'browser'","            ? window","            : global;","        // init utility2_rollup","        local = local.global.utility2_rollup || local;","        // init lib","        local.local = local.npmtest_bean = local;","        // init exports","        if (local.modeJs === 'browser') {","            local.global.utility2_npmtest_bean = local;","        } else {","            module.exports = local;","            module.exports.__dirname = __dirname;","            module.exports.module = module;","        }","    }());","}());",""],"l":{"12":2,"14":2,"19":2,"21":2,"23":2,"24":2,"25":2,"30":1,"37":2,"41":2,"43":2,"45":2,"46":1,"48":1,"49":1,"50":1}},"/home/travis/build/npmtest/node-npmtest-bean/example.js":{"path":"/home/travis/build/npmtest/node-npmtest-bean/example.js","s":{"1":2,"2":2,"3":2,"4":2,"5":2,"6":2,"7":2,"8":1,"9":2,"10":2,"11":2,"12":2,"13":1,"14":2,"15":2,"16":2,"17":2,"18":2,"19":0,"20":2,"21":1,"22":1,"23":1,"24":1,"25":1,"26":0,"27":0,"28":1,"29":1,"30":2,"31":0,"32":0,"33":0,"34":1,"35":2,"36":2,"37":2,"38":2,"39":2,"40":2,"41":0,"42":2,"43":2,"44":2,"45":1,"46":3,"47":1,"48":1,"49":1,"50":1,"51":1,"52":1,"53":1,"54":1,"55":1,"56":1,"57":0,"58":1,"59":6,"60":6,"61":1,"62":2,"63":0,"64":2,"65":1,"66":1,"67":0,"68":0,"69":0,"70":0,"71":0,"72":0,"73":0,"74":0,"75":0,"76":0,"77":0,"78":0,"79":0,"80":0,"81":0,"82":0,"83":0},"b":{"1":[2,1,1,1],"2":[1,1,1,1],"3":[1,1],"4":[2,2],"5":[1,1],"6":[1,1],"7":[2,0],"8":[2,1,1,1,1,1],"9":[0,2,0],"10":[1,1],"11":[2,1,1],"12":[1,0],"13":[0,2],"14":[2,0,0,0,0,0,0],"15":[0,2],"16":[2,0],"17":[1,1],"18":[0,1],"19":[1,2,0,2],"20":[1,0],"21":[1,1],"22":[0,0],"23":[0,0],"24":[0,0],"25":[0,0],"26":[0,0],"27":[0,0],"28":[0,0]},"f":{"1":2,"2":2,"3":2,"4":2,"5":2,"6":2,"7":2,"8":2,"9":3,"10":1,"11":6,"12":0},"fnMap":{"1":{"name":"(anonymous_1)","line":26,"loc":{"start":{"line":26,"column":1},"end":{"line":26,"column":13}}},"2":{"name":"(anonymous_2)","line":33,"loc":{"start":{"line":33,"column":5},"end":{"line":33,"column":17}}},"3":{"name":"(anonymous_3)","line":37,"loc":{"start":{"line":37,"column":24},"end":{"line":37,"column":36}}},"4":{"name":"(anonymous_4)","line":69,"loc":{"start":{"line":69,"column":31},"end":{"line":69,"column":48}},"skip":true},"5":{"name":"(anonymous_5)","line":78,"loc":{"start":{"line":78,"column":26},"end":{"line":78,"column":45}},"skip":true},"6":{"name":"(anonymous_6)","line":123,"loc":{"start":{"line":123,"column":33},"end":{"line":123,"column":48}},"skip":true},"7":{"name":"(anonymous_7)","line":125,"loc":{"start":{"line":125,"column":27},"end":{"line":125,"column":39}},"skip":true},"8":{"name":"(anonymous_8)","line":133,"loc":{"start":{"line":133,"column":59},"end":{"line":133,"column":74}},"skip":true},"9":{"name":"(anonymous_9)","line":143,"loc":{"start":{"line":143,"column":45},"end":{"line":143,"column":62}},"skip":true},"10":{"name":"(anonymous_10)","line":144,"loc":{"start":{"line":144,"column":73},"end":{"line":144,"column":92}},"skip":true},"11":{"name":"(anonymous_11)","line":272,"loc":{"start":{"line":272,"column":51},"end":{"line":272,"column":77}},"skip":true},"12":{"name":"(anonymous_12)","line":314,"loc":{"start":{"line":314,"column":32},"end":{"line":314,"column":61}},"skip":true}},"statementMap":{"1":{"start":{"line":26,"column":0},"end":{"line":325,"column":5}},"2":{"start":{"line":28,"column":4},"end":{"line":28,"column":14}},"3":{"start":{"line":33,"column":4},"end":{"line":60,"column":9}},"4":{"start":{"line":35,"column":8},"end":{"line":35,"column":19}},"5":{"start":{"line":37,"column":8},"end":{"line":49,"column":13}},"6":{"start":{"line":38,"column":12},"end":{"line":48,"column":13}},"7":{"start":{"line":39,"column":16},"end":{"line":42,"column":30}},"8":{"start":{"line":44,"column":16},"end":{"line":47,"column":27}},"9":{"start":{"line":51,"column":8},"end":{"line":53,"column":21}},"10":{"start":{"line":55,"column":8},"end":{"line":57,"column":45}},"11":{"start":{"line":59,"column":8},"end":{"line":59,"column":35}},"12":{"start":{"line":61,"column":4},"end":{"line":324,"column":5}},"13":{"start":{"line":69,"column":8},"end":{"line":121,"column":10},"skip":true},"14":{"start":{"line":70,"column":12},"end":{"line":88,"column":13},"skip":true},"15":{"start":{"line":76,"column":16},"end":{"line":87,"column":19},"skip":true},"16":{"start":{"line":79,"column":20},"end":{"line":86,"column":21},"skip":true},"17":{"start":{"line":82,"column":24},"end":{"line":82,"column":43},"skip":true},"18":{"start":{"line":83,"column":24},"end":{"line":83,"column":30},"skip":true},"19":{"start":{"line":85,"column":24},"end":{"line":85,"column":49},"skip":true},"20":{"start":{"line":89,"column":12},"end":{"line":107,"column":13},"skip":true},"21":{"start":{"line":92,"column":16},"end":{"line":102,"column":17},"skip":true},"22":{"start":{"line":93,"column":20},"end":{"line":93,"column":86},"skip":true},"23":{"start":{"line":94,"column":20},"end":{"line":95,"column":45},"skip":true},"24":{"start":{"line":96,"column":20},"end":{"line":96,"column":42},"skip":true},"25":{"start":{"line":97,"column":20},"end":{"line":97,"column":48},"skip":true},"26":{"start":{"line":100,"column":20},"end":{"line":100,"column":85},"skip":true},"27":{"start":{"line":101,"column":20},"end":{"line":101,"column":96},"skip":true},"28":{"start":{"line":103,"column":16},"end":{"line":103,"column":22},"skip":true},"29":{"start":{"line":106,"column":16},"end":{"line":106,"column":22},"skip":true},"30":{"start":{"line":108,"column":12},"end":{"line":120,"column":13},"skip":true},"31":{"start":{"line":114,"column":16},"end":{"line":119,"column":17},"skip":true},"32":{"start":{"line":116,"column":20},"end":{"line":116,"column":78},"skip":true},"33":{"start":{"line":118,"column":20},"end":{"line":118,"column":47},"skip":true},"34":{"start":{"line":123,"column":8},"end":{"line":141,"column":11},"skip":true},"35":{"start":{"line":124,"column":12},"end":{"line":124,"column":54},"skip":true},"36":{"start":{"line":125,"column":12},"end":{"line":140,"column":14},"skip":true},"37":{"start":{"line":126,"column":16},"end":{"line":126,"column":28},"skip":true},"38":{"start":{"line":127,"column":16},"end":{"line":127,"column":69},"skip":true},"39":{"start":{"line":128,"column":16},"end":{"line":128,"column":75},"skip":true},"40":{"start":{"line":129,"column":16},"end":{"line":131,"column":17},"skip":true},"41":{"start":{"line":130,"column":20},"end":{"line":130,"column":27},"skip":true},"42":{"start":{"line":133,"column":16},"end":{"line":137,"column":36},"skip":true},"43":{"start":{"line":134,"column":20},"end":{"line":136,"column":55},"skip":true},"44":{"start":{"line":139,"column":16},"end":{"line":139,"column":57},"skip":true},"45":{"start":{"line":143,"column":8},"end":{"line":147,"column":11},"skip":true},"46":{"start":{"line":144,"column":12},"end":{"line":146,"column":15},"skip":true},"47":{"start":{"line":145,"column":16},"end":{"line":145,"column":70},"skip":true},"48":{"start":{"line":149,"column":8},"end":{"line":149,"column":31},"skip":true},"49":{"start":{"line":150,"column":8},"end":{"line":150,"column":14},"skip":true},"50":{"start":{"line":158,"column":8},"end":{"line":158,"column":31},"skip":true},"51":{"start":{"line":160,"column":8},"end":{"line":160,"column":33},"skip":true},"52":{"start":{"line":161,"column":8},"end":{"line":161,"column":37},"skip":true},"53":{"start":{"line":162,"column":8},"end":{"line":162,"column":35},"skip":true},"54":{"start":{"line":164,"column":8},"end":{"line":164,"column":50},"skip":true},"55":{"start":{"line":166,"column":8},"end":{"line":256,"column":2},"skip":true},"56":{"start":{"line":258,"column":8},"end":{"line":286,"column":9},"skip":true},"57":{"start":{"line":259,"column":12},"end":{"line":269,"column":14},"skip":true},"58":{"start":{"line":271,"column":12},"end":{"line":285,"column":19},"skip":true},"59":{"start":{"line":274,"column":20},"end":{"line":274,"column":35},"skip":true},"60":{"start":{"line":275,"column":20},"end":{"line":284,"column":21},"skip":true},"61":{"start":{"line":277,"column":24},"end":{"line":277,"column":64},"skip":true},"62":{"start":{"line":279,"column":24},"end":{"line":279,"column":40},"skip":true},"63":{"start":{"line":281,"column":24},"end":{"line":281,"column":40},"skip":true},"64":{"start":{"line":283,"column":24},"end":{"line":283,"column":39},"skip":true},"65":{"start":{"line":288,"column":8},"end":{"line":290,"column":9},"skip":true},"66":{"start":{"line":289,"column":12},"end":{"line":289,"column":18},"skip":true},"67":{"start":{"line":291,"column":8},"end":{"line":293,"column":54},"skip":true},"68":{"start":{"line":294,"column":8},"end":{"line":301,"column":37},"skip":true},"69":{"start":{"line":302,"column":8},"end":{"line":302,"column":82},"skip":true},"70":{"start":{"line":305,"column":8},"end":{"line":307,"column":9},"skip":true},"71":{"start":{"line":306,"column":12},"end":{"line":306,"column":82},"skip":true},"72":{"start":{"line":309,"column":8},"end":{"line":311,"column":9},"skip":true},"73":{"start":{"line":310,"column":12},"end":{"line":310,"column":18},"skip":true},"74":{"start":{"line":312,"column":8},"end":{"line":312,"column":54},"skip":true},"75":{"start":{"line":313,"column":8},"end":{"line":313,"column":69},"skip":true},"76":{"start":{"line":314,"column":8},"end":{"line":322,"column":36},"skip":true},"77":{"start":{"line":315,"column":12},"end":{"line":315,"column":61},"skip":true},"78":{"start":{"line":316,"column":12},"end":{"line":319,"column":13},"skip":true},"79":{"start":{"line":317,"column":16},"end":{"line":317,"column":75},"skip":true},"80":{"start":{"line":318,"column":16},"end":{"line":318,"column":23},"skip":true},"81":{"start":{"line":320,"column":12},"end":{"line":320,"column":38},"skip":true},"82":{"start":{"line":321,"column":12},"end":{"line":321,"column":27},"skip":true},"83":{"start":{"line":323,"column":8},"end":{"line":323,"column":14},"skip":true}},"branchMap":{"1":{"line":39,"type":"binary-expr","locations":[{"start":{"line":39,"column":23},"end":{"line":39,"column":62}},{"start":{"line":40,"column":20},"end":{"line":40,"column":70}},{"start":{"line":41,"column":20},"end":{"line":41,"column":71}},{"start":{"line":42,"column":20},"end":{"line":42,"column":29}}]},"2":{"line":44,"type":"binary-expr","locations":[{"start":{"line":44,"column":23},"end":{"line":44,"column":37}},{"start":{"line":45,"column":20},"end":{"line":45,"column":61}},{"start":{"line":46,"column":20},"end":{"line":46,"column":70}},{"start":{"line":47,"column":20},"end":{"line":47,"column":26}}]},"3":{"line":51,"type":"cond-expr","locations":[{"start":{"line":52,"column":14},"end":{"line":52,"column":20}},{"start":{"line":53,"column":14},"end":{"line":53,"column":20}}]},"4":{"line":55,"type":"binary-expr","locations":[{"start":{"line":55,"column":16},"end":{"line":55,"column":44}},{"start":{"line":55,"column":49},"end":{"line":57,"column":43}}]},"5":{"line":55,"type":"cond-expr","locations":[{"start":{"line":56,"column":14},"end":{"line":56,"column":48}},{"start":{"line":57,"column":14},"end":{"line":57,"column":43}}]},"6":{"line":61,"type":"switch","locations":[{"start":{"line":68,"column":4},"end":{"line":150,"column":14},"skip":true},{"start":{"line":156,"column":4},"end":{"line":323,"column":14},"skip":true}]},"7":{"line":70,"type":"if","locations":[{"start":{"line":70,"column":12},"end":{"line":70,"column":12},"skip":true},{"start":{"line":70,"column":12},"end":{"line":70,"column":12},"skip":true}]},"8":{"line":70,"type":"binary-expr","locations":[{"start":{"line":70,"column":16},"end":{"line":70,"column":22},"skip":true},{"start":{"line":70,"column":27},"end":{"line":70,"column":32},"skip":true},{"start":{"line":71,"column":20},"end":{"line":71,"column":39},"skip":true},{"start":{"line":72,"column":20},"end":{"line":72,"column":49},"skip":true},{"start":{"line":73,"column":20},"end":{"line":73,"column":58},"skip":true},{"start":{"line":74,"column":20},"end":{"line":74,"column":69},"skip":true}]},"9":{"line":79,"type":"switch","locations":[{"start":{"line":80,"column":20},"end":{"line":80,"column":33},"skip":true},{"start":{"line":81,"column":20},"end":{"line":83,"column":30},"skip":true},{"start":{"line":84,"column":20},"end":{"line":85,"column":49},"skip":true}]},"10":{"line":89,"type":"switch","locations":[{"start":{"line":90,"column":12},"end":{"line":103,"column":22},"skip":true},{"start":{"line":105,"column":12},"end":{"line":106,"column":22},"skip":true}]},"11":{"line":89,"type":"binary-expr","locations":[{"start":{"line":89,"column":20},"end":{"line":89,"column":25},"skip":true},{"start":{"line":89,"column":29},"end":{"line":89,"column":48},"skip":true},{"start":{"line":89,"column":52},"end":{"line":89,"column":74},"skip":true}]},"12":{"line":92,"type":"if","locations":[{"start":{"line":92,"column":16},"end":{"line":92,"column":16},"skip":true},{"start":{"line":92,"column":16},"end":{"line":92,"column":16},"skip":true}]},"13":{"line":108,"type":"if","locations":[{"start":{"line":108,"column":12},"end":{"line":108,"column":12},"skip":true},{"start":{"line":108,"column":12},"end":{"line":108,"column":12},"skip":true}]},"14":{"line":108,"type":"binary-expr","locations":[{"start":{"line":108,"column":16},"end":{"line":108,"column":61},"skip":true},{"start":{"line":108,"column":66},"end":{"line":108,"column":72},"skip":true},{"start":{"line":108,"column":77},"end":{"line":108,"column":82},"skip":true},{"start":{"line":109,"column":20},"end":{"line":109,"column":39},"skip":true},{"start":{"line":110,"column":20},"end":{"line":110,"column":49},"skip":true},{"start":{"line":111,"column":20},"end":{"line":111,"column":58},"skip":true},{"start":{"line":112,"column":20},"end":{"line":112,"column":68},"skip":true}]},"15":{"line":129,"type":"if","locations":[{"start":{"line":129,"column":16},"end":{"line":129,"column":16},"skip":true},{"start":{"line":129,"column":16},"end":{"line":129,"column":16},"skip":true}]},"16":{"line":134,"type":"cond-expr","locations":[{"start":{"line":135,"column":26},"end":{"line":135,"column":29},"skip":true},{"start":{"line":136,"column":26},"end":{"line":136,"column":54},"skip":true}]},"17":{"line":164,"type":"binary-expr","locations":[{"start":{"line":164,"column":27},"end":{"line":164,"column":43},"skip":true},{"start":{"line":164,"column":47},"end":{"line":164,"column":49},"skip":true}]},"18":{"line":258,"type":"if","locations":[{"start":{"line":258,"column":8},"end":{"line":258,"column":8},"skip":true},{"start":{"line":258,"column":8},"end":{"line":258,"column":8},"skip":true}]},"19":{"line":275,"type":"switch","locations":[{"start":{"line":276,"column":20},"end":{"line":277,"column":64},"skip":true},{"start":{"line":278,"column":20},"end":{"line":279,"column":40},"skip":true},{"start":{"line":280,"column":20},"end":{"line":281,"column":40},"skip":true},{"start":{"line":282,"column":20},"end":{"line":283,"column":39},"skip":true}]},"20":{"line":288,"type":"if","locations":[{"start":{"line":288,"column":8},"end":{"line":288,"column":8},"skip":true},{"start":{"line":288,"column":8},"end":{"line":288,"column":8},"skip":true}]},"21":{"line":288,"type":"binary-expr","locations":[{"start":{"line":288,"column":12},"end":{"line":288,"column":40},"skip":true},{"start":{"line":288,"column":44},"end":{"line":288,"column":67},"skip":true}]},"22":{"line":292,"type":"binary-expr","locations":[{"start":{"line":292,"column":12},"end":{"line":292,"column":50},"skip":true},{"start":{"line":293,"column":12},"end":{"line":293,"column":53},"skip":true}]},"23":{"line":295,"type":"binary-expr","locations":[{"start":{"line":295,"column":12},"end":{"line":295,"column":62},"skip":true},{"start":{"line":296,"column":12},"end":{"line":301,"column":36},"skip":true}]},"24":{"line":302,"type":"binary-expr","locations":[{"start":{"line":302,"column":43},"end":{"line":302,"column":75},"skip":true},{"start":{"line":302,"column":79},"end":{"line":302,"column":81},"skip":true}]},"25":{"line":305,"type":"if","locations":[{"start":{"line":305,"column":8},"end":{"line":305,"column":8},"skip":true},{"start":{"line":305,"column":8},"end":{"line":305,"column":8},"skip":true}]},"26":{"line":309,"type":"if","locations":[{"start":{"line":309,"column":8},"end":{"line":309,"column":8},"skip":true},{"start":{"line":309,"column":8},"end":{"line":309,"column":8},"skip":true}]},"27":{"line":312,"type":"binary-expr","locations":[{"start":{"line":312,"column":27},"end":{"line":312,"column":43},"skip":true},{"start":{"line":312,"column":47},"end":{"line":312,"column":53},"skip":true}]},"28":{"line":316,"type":"if","locations":[{"start":{"line":316,"column":12},"end":{"line":316,"column":12},"skip":true},{"start":{"line":316,"column":12},"end":{"line":316,"column":12},"skip":true}]}},"code":["/*","example.js","","quickstart example","","instruction","    1. save this script as example.js","    2. run the shell command:","        $ npm install npmtest-bean && PORT=8081 node example.js","    3. play with the browser-demo on http://127.0.0.1:8081","*/","","","","/* istanbul instrument in package npmtest_bean */","/*jslint","    bitwise: true,","    browser: true,","    maxerr: 8,","    maxlen: 96,","    node: true,","    nomen: true,","    regexp: true,","    stupid: true","*/","(function () {","    'use strict';","    var local;","","","","    // run shared js-env code - pre-init","    (function () {","        // init local","        local = {};","        // init modeJs","        local.modeJs = (function () {","            try {","                return typeof navigator.userAgent === 'string' &&","                    typeof document.querySelector('body') === 'object' &&","                    typeof XMLHttpRequest.prototype.open === 'function' &&","                    'browser';","            } catch (errorCaughtBrowser) {","                return module.exports &&","                    typeof process.versions.node === 'string' &&","                    typeof require('http').createServer === 'function' &&","                    'node';","            }","        }());","        // init global","        local.global = local.modeJs === 'browser'","            ? window","            : global;","        // init utility2_rollup","        local = local.global.utility2_rollup || (local.modeJs === 'browser'","            ? local.global.utility2_npmtest_bean","            : global.utility2_moduleExports);","        // export local","        local.global.local = local;","    }());","    switch (local.modeJs) {","","","","    // post-init","    // run browser js-env code - post-init","    /* istanbul ignore next */","    case 'browser':","        local.testRunBrowser = function (event) {","            if (!event || (event &&","                    event.currentTarget &&","                    event.currentTarget.className &&","                    event.currentTarget.className.includes &&","                    event.currentTarget.className.includes('onreset'))) {","                // reset output","                Array.from(","                    document.querySelectorAll('body > .resettable')","                ).forEach(function (element) {","                    switch (element.tagName) {","                    case 'INPUT':","                    case 'TEXTAREA':","                        element.value = '';","                        break;","                    default:","                        element.textContent = '';","                    }","                });","            }","            switch (event && event.currentTarget && event.currentTarget.id) {","            case 'testRunButton1':","                // show tests","                if (document.querySelector('#testReportDiv1').style.display === 'none') {","                    document.querySelector('#testReportDiv1').style.display = 'block';","                    document.querySelector('#testRunButton1').textContent =","                        'hide internal test';","                    local.modeTest = true;","                    local.testRunDefault(local);","                // hide tests","                } else {","                    document.querySelector('#testReportDiv1').style.display = 'none';","                    document.querySelector('#testRunButton1').textContent = 'run internal test';","                }","                break;","            // custom-case","            default:","                break;","            }","            if (document.querySelector('#inputTextareaEval1') && (!event || (event &&","                    event.currentTarget &&","                    event.currentTarget.className &&","                    event.currentTarget.className.includes &&","                    event.currentTarget.className.includes('oneval')))) {","                // try to eval input-code","                try {","                    /*jslint evil: true*/","                    eval(document.querySelector('#inputTextareaEval1').value);","                } catch (errorCaught) {","                    console.error(errorCaught);","                }","            }","        };","        // log stderr and stdout to #outputTextareaStdout1","        ['error', 'log'].forEach(function (key) {","            console[key + '_original'] = console[key];","            console[key] = function () {","                var element;","                console[key + '_original'].apply(console, arguments);","                element = document.querySelector('#outputTextareaStdout1');","                if (!element) {","                    return;","                }","                // append text to #outputTextareaStdout1","                element.value += Array.from(arguments).map(function (arg) {","                    return typeof arg === 'string'","                        ? arg","                        : JSON.stringify(arg, null, 4);","                }).join(' ') + '\\n';","                // scroll textarea to bottom","                element.scrollTop = element.scrollHeight;","            };","        });","        // init event-handling","        ['change', 'click', 'keyup'].forEach(function (event) {","            Array.from(document.querySelectorAll('.on' + event)).forEach(function (element) {","                element.addEventListener(event, local.testRunBrowser);","            });","        });","        // run tests","        local.testRunBrowser();","        break;","","","","    // run node js-env code - post-init","    /* istanbul ignore next */","    case 'node':","        // export local","        module.exports = local;","        // require modules","        local.fs = require('fs');","        local.http = require('http');","        local.url = require('url');","        // init assets","        local.assetsDict = local.assetsDict || {};","        /* jslint-ignore-begin */","        local.assetsDict['/assets.index.template.html'] = '\\","<!doctype html>\\n\\","<html lang=\"en\">\\n\\","<head>\\n\\","<meta charset=\"UTF-8\">\\n\\","<meta name=\"viewport\" content=\"width=device-width, initial-scale=1\">\\n\\","<title>{{env.npm_package_name}} (v{{env.npm_package_version}})</title>\\n\\","<style>\\n\\","/*csslint\\n\\","    box-sizing: false,\\n\\","    universal-selector: false\\n\\","*/\\n\\","* {\\n\\","    box-sizing: border-box;\\n\\","}\\n\\","body {\\n\\","    background: #dde;\\n\\","    font-family: Arial, Helvetica, sans-serif;\\n\\","    margin: 2rem;\\n\\","}\\n\\","body > * {\\n\\","    margin-bottom: 1rem;\\n\\","}\\n\\",".utility2FooterDiv {\\n\\","    margin-top: 20px;\\n\\","    text-align: center;\\n\\","}\\n\\","</style>\\n\\","<style>\\n\\","/*csslint\\n\\","*/\\n\\","textarea {\\n\\","    font-family: monospace;\\n\\","    height: 10rem;\\n\\","    width: 100%;\\n\\","}\\n\\","textarea[readonly] {\\n\\","    background: #ddd;\\n\\","}\\n\\","</style>\\n\\","</head>\\n\\","<body>\\n\\","<!-- utility2-comment\\n\\","<div id=\"ajaxProgressDiv1\" style=\"background: #d00; height: 2px; left: 0; margin: 0; padding: 0; position: fixed; top: 0; transition: background 0.5s, width 1.5s; width: 25%;\"></div>\\n\\","utility2-comment -->\\n\\","<h1>\\n\\","<!-- utility2-comment\\n\\","    <a\\n\\","        {{#if env.npm_package_homepage}}\\n\\","        href=\"{{env.npm_package_homepage}}\"\\n\\","        {{/if env.npm_package_homepage}}\\n\\","        target=\"_blank\"\\n\\","    >\\n\\","utility2-comment -->\\n\\","        {{env.npm_package_name}} (v{{env.npm_package_version}})\\n\\","<!-- utility2-comment\\n\\","    </a>\\n\\","utility2-comment -->\\n\\","</h1>\\n\\","<h3>{{env.npm_package_description}}</h3>\\n\\","<!-- utility2-comment\\n\\","<h4><a download href=\"assets.app.js\">download standalone app</a></h4>\\n\\","<button class=\"onclick onreset\" id=\"testRunButton1\">run internal test</button><br>\\n\\","<div id=\"testReportDiv1\" style=\"display: none;\"></div>\\n\\","utility2-comment -->\\n\\","\\n\\","\\n\\","\\n\\","<label>stderr and stdout</label>\\n\\","<textarea class=\"resettable\" id=\"outputTextareaStdout1\" readonly></textarea>\\n\\","<!-- utility2-comment\\n\\","{{#if isRollup}}\\n\\","<script src=\"assets.app.js\"></script>\\n\\","{{#unless isRollup}}\\n\\","utility2-comment -->\\n\\","<script src=\"assets.utility2.rollup.js\"></script>\\n\\","<script src=\"jsonp.utility2._stateInit?callback=window.utility2._stateInit\"></script>\\n\\","<script src=\"assets.npmtest_bean.rollup.js\"></script>\\n\\","<script src=\"assets.example.js\"></script>\\n\\","<script src=\"assets.test.js\"></script>\\n\\","<!-- utility2-comment\\n\\","{{/if isRollup}}\\n\\","utility2-comment -->\\n\\","<div class=\"utility2FooterDiv\">\\n\\","    [ this app was created with\\n\\","    <a href=\"https://github.com/kaizhu256/node-utility2\" target=\"_blank\">utility2</a>\\n\\","    ]\\n\\","</div>\\n\\","</body>\\n\\","</html>\\n\\","';","        /* jslint-ignore-end */","        if (local.templateRender) {","            local.assetsDict['/'] = local.templateRender(","                local.assetsDict['/assets.index.template.html'],","                {","                    env: local.objectSetDefault(local.env, {","                        npm_package_description: 'the greatest app in the world!',","                        npm_package_name: 'my-app',","                        npm_package_nameAlias: 'my_app',","                        npm_package_version: '0.0.1'","                    })","                }","            );","        } else {","            local.assetsDict['/'] = local.assetsDict['/assets.index.template.html']","                .replace((/\\{\\{env\\.(\\w+?)\\}\\}/g), function (match0, match1) {","                    // jslint-hack","                    String(match0);","                    switch (match1) {","                    case 'npm_package_description':","                        return 'the greatest app in the world!';","                    case 'npm_package_name':","                        return 'my-app';","                    case 'npm_package_nameAlias':","                        return 'my_app';","                    case 'npm_package_version':","                        return '0.0.1';","                    }","                });","        }","        // run the cli","        if (local.global.utility2_rollup || module !== require.main) {","            break;","        }","        local.assetsDict['/assets.example.js'] =","            local.assetsDict['/assets.example.js'] ||","            local.fs.readFileSync(__filename, 'utf8');","        local.assetsDict['/assets.npmtest_bean.rollup.js'] =","            local.assetsDict['/assets.npmtest_bean.rollup.js'] ||","            local.fs.readFileSync(","                // buildCustomOrg-hack","                local.npmtest_bean.__dirname +","                    '/lib.npmtest_bean.js',","                'utf8'","            ).replace((/^#!/), '//');","        local.assetsDict['/favicon.ico'] = local.assetsDict['/favicon.ico'] || '';","        // if $npm_config_timeout_exit exists,","        // then exit this process after $npm_config_timeout_exit ms","        if (Number(process.env.npm_config_timeout_exit)) {","            setTimeout(process.exit, Number(process.env.npm_config_timeout_exit));","        }","        // start server","        if (local.global.utility2_serverHttp1) {","            break;","        }","        process.env.PORT = process.env.PORT || '8081';","        console.error('server starting on port ' + process.env.PORT);","        local.http.createServer(function (request, response) {","            request.urlParsed = local.url.parse(request.url);","            if (local.assetsDict[request.urlParsed.pathname] !== undefined) {","                response.end(local.assetsDict[request.urlParsed.pathname]);","                return;","            }","            response.statusCode = 404;","            response.end();","        }).listen(process.env.PORT);","        break;","    }","}());",""],"l":{"26":2,"28":2,"33":2,"35":2,"37":2,"38":2,"39":2,"44":1,"51":2,"55":2,"59":2,"61":2,"69":1,"70":2,"76":2,"79":2,"82":2,"83":2,"85":1,"89":2,"92":1,"93":1,"94":1,"96":1,"97":1,"100":1,"101":1,"103":1,"106":1,"108":2,"114":1,"116":1,"118":1,"123":1,"124":2,"125":2,"126":2,"127":2,"128":2,"129":2,"130":1,"133":2,"134":2,"139":2,"143":1,"144":3,"145":1,"149":1,"150":1,"158":1,"160":1,"161":1,"162":1,"164":1,"166":1,"258":1,"259":1,"271":1,"274":6,"275":6,"277":1,"279":2,"281":1,"283":2,"288":1,"289":1,"291":1,"294":1,"302":1,"305":1,"306":1,"309":1,"310":1,"312":1,"313":1,"314":1,"315":1,"316":1,"317":1,"318":1,"320":1,"321":1,"323":1}},"/home/travis/build/npmtest/node-npmtest-bean/node_modules/bean/bean.js":{"path":"/home/travis/build/npmtest/node-npmtest-bean/node_modules/bean/bean.js","s":{"1":5,"2":5,"3":5,"4":0,"5":0,"6":0,"7":5,"8":5,"9":5,"10":0,"11":0,"12":0,"13":0,"14":0,"15":0,"16":0,"17":0,"18":0,"19":0,"20":0,"21":0,"22":0,"23":0,"24":0,"25":0,"26":0,"27":0,"28":0,"29":0,"30":0,"31":0,"32":0,"33":0,"34":0,"35":0,"36":0,"37":0,"38":0,"39":0,"40":0,"41":0,"42":0,"43":0,"44":0,"45":0,"46":0,"47":0,"48":0,"49":0,"50":0,"51":0,"52":0,"53":0,"54":0,"55":0,"56":0,"57":0,"58":0,"59":0,"60":0,"61":0,"62":0,"63":0,"64":0,"65":0,"66":0,"67":0,"68":0,"69":0,"70":0,"71":0,"72":0,"73":0,"74":0,"75":0,"76":0,"77":0,"78":0,"79":0,"80":0,"81":0,"82":0,"83":0,"84":0,"85":0,"86":0,"87":0,"88":0,"89":0,"90":0,"91":0,"92":0,"93":0,"94":0,"95":0,"96":0,"97":0,"98":0,"99":0,"100":0,"101":0,"102":0,"103":0,"104":0,"105":0,"106":0,"107":0,"108":0,"109":0,"110":0,"111":0,"112":0,"113":0,"114":0,"115":0,"116":0,"117":0,"118":0,"119":0,"120":0,"121":0,"122":0,"123":0,"124":0,"125":0,"126":0,"127":0,"128":0,"129":0,"130":0,"131":0,"132":0,"133":0,"134":0,"135":0,"136":0,"137":0,"138":0,"139":0,"140":0,"141":0,"142":0,"143":0,"144":0,"145":0,"146":0,"147":0,"148":0,"149":0,"150":0,"151":0,"152":0,"153":0,"154":0,"155":0,"156":0,"157":0,"158":0,"159":0,"160":0,"161":0,"162":0,"163":0,"164":0,"165":0,"166":0,"167":0,"168":0,"169":0,"170":0,"171":0,"172":0,"173":0,"174":0,"175":0,"176":0,"177":0,"178":0,"179":0,"180":0,"181":0,"182":0,"183":0,"184":0,"185":0,"186":0,"187":0,"188":0,"189":0,"190":0,"191":0,"192":0,"193":0,"194":0,"195":0,"196":0,"197":0,"198":0,"199":0,"200":0,"201":0,"202":0,"203":0,"204":0,"205":0,"206":0,"207":0,"208":0,"209":0,"210":0,"211":0,"212":0,"213":0,"214":0,"215":0,"216":0,"217":0,"218":0,"219":0,"220":0,"221":0,"222":0,"223":0,"224":0,"225":0,"226":0,"227":0,"228":0,"229":0,"230":0,"231":0,"232":0,"233":0,"234":0,"235":0,"236":0,"237":0,"238":0,"239":0,"240":0,"241":0,"242":0,"243":0,"244":0,"245":0,"246":0,"247":0,"248":0,"249":0,"250":0,"251":0,"252":0,"253":0,"254":0,"255":0,"256":0,"257":0,"258":0,"259":0,"260":0,"261":0,"262":0,"263":0,"264":0,"265":0,"266":0,"267":0,"268":0,"269":0,"270":0,"271":0,"272":0,"273":0,"274":0,"275":0,"276":0,"277":0,"278":0,"279":0,"280":0,"281":0,"282":0,"283":0,"284":0,"285":0,"286":0,"287":0,"288":0,"289":0,"290":0,"291":0,"292":0,"293":0,"294":0,"295":0,"296":0,"297":0,"298":0,"299":0,"300":0,"301":0,"302":0,"303":0,"304":0,"305":0},"b":{"1":[5,0],"2":[5,5],"3":[0,0],"4":[0,0],"5":[5,5],"6":[5,5],"7":[0,0],"8":[0,0],"9":[0,0],"10":[0,0],"11":[0,0],"12":[0,0],"13":[0,0],"14":[0,0],"15":[0,0],"16":[0,0],"17":[0,0],"18":[0,0],"19":[0,0],"20":[0,0],"21":[0,0,0,0],"22":[0,0],"23":[0,0],"24":[0,0],"25":[0,0],"26":[0,0],"27":[0,0],"28":[0,0],"29":[0,0],"30":[0,0],"31":[0,0],"32":[0,0],"33":[0,0],"34":[0,0],"35":[0,0,0],"36":[0,0],"37":[0,0],"38":[0,0],"39":[0,0],"40":[0,0],"41":[0,0],"42":[0,0],"43":[0,0],"44":[0,0],"45":[0,0],"46":[0,0],"47":[0,0],"48":[0,0],"49":[0,0],"50":[0,0,0,0],"51":[0,0],"52":[0,0],"53":[0,0],"54":[0,0],"55":[0,0],"56":[0,0],"57":[0,0],"58":[0,0],"59":[0,0],"60":[0,0],"61":[0,0],"62":[0,0],"63":[0,0,0],"64":[0,0],"65":[0,0],"66":[0,0],"67":[0,0],"68":[0,0],"69":[0,0,0,0,0],"70":[0,0],"71":[0,0],"72":[0,0],"73":[0,0],"74":[0,0],"75":[0,0],"76":[0,0,0],"77":[0,0],"78":[0,0],"79":[0,0],"80":[0,0],"81":[0,0],"82":[0,0],"83":[0,0],"84":[0,0],"85":[0,0],"86":[0,0],"87":[0,0],"88":[0,0],"89":[0,0],"90":[0,0,0,0],"91":[0,0],"92":[0,0],"93":[0,0],"94":[0,0],"95":[0,0],"96":[0,0],"97":[0,0],"98":[0,0],"99":[0,0],"100":[0,0],"101":[0,0],"102":[0,0],"103":[0,0],"104":[0,0],"105":[0,0,0],"106":[0,0],"107":[0,0],"108":[0,0],"109":[0,0],"110":[0,0],"111":[0,0],"112":[0,0],"113":[0,0],"114":[0,0],"115":[0,0],"116":[0,0],"117":[0,0],"118":[0,0],"119":[0,0],"120":[0,0],"121":[0,0],"122":[0,0],"123":[0,0],"124":[0,0],"125":[0,0],"126":[0,0],"127":[0,0],"128":[0,0],"129":[0,0],"130":[0,0],"131":[0,0],"132":[0,0],"133":[0,0],"134":[0,0],"135":[0,0],"136":[0,0],"137":[0,0],"138":[0,0],"139":[0,0,0],"140":[0,0],"141":[0,0],"142":[0,0],"143":[0,0],"144":[0,0],"145":[0,0],"146":[0,0]},"f":{"1":5,"2":5,"3":0,"4":0,"5":0,"6":0,"7":0,"8":0,"9":0,"10":0,"11":0,"12":0,"13":0,"14":0,"15":0,"16":0,"17":0,"18":0,"19":0,"20":0,"21":0,"22":0,"23":0,"24":0,"25":0,"26":0,"27":0,"28":0,"29":0,"30":0,"31":0,"32":0,"33":0,"34":0,"35":0,"36":0,"37":0,"38":0,"39":0,"40":0,"41":0,"42":0,"43":0,"44":0,"45":0,"46":0,"47":0,"48":0,"49":0,"50":0,"51":0,"52":0,"53":0,"54":0,"55":0,"56":0,"57":0,"58":0,"59":0,"60":0,"61":0,"62":0,"63":0,"64":0,"65":0,"66":0,"67":0,"68":0,"69":0,"70":0},"fnMap":{"1":{"name":"(anonymous_1)","line":6,"loc":{"start":{"line":6,"column":1},"end":{"line":6,"column":38}}},"2":{"name":"(anonymous_2)","line":10,"loc":{"start":{"line":10,"column":17},"end":{"line":10,"column":42}}},"3":{"name":"(anonymous_3)","line":27,"loc":{"start":{"line":27,"column":23},"end":{"line":27,"column":39}}},"4":{"name":"(anonymous_4)","line":28,"loc":{"start":{"line":28,"column":23},"end":{"line":28,"column":36}}},"5":{"name":"(anonymous_5)","line":29,"loc":{"start":{"line":29,"column":23},"end":{"line":29,"column":36}}},"6":{"name":"(anonymous_6)","line":62,"loc":{"start":{"line":62,"column":22},"end":{"line":62,"column":49}}},"7":{"name":"(anonymous_7)","line":69,"loc":{"start":{"line":69,"column":22},"end":{"line":69,"column":34}}},"8":{"name":"(anonymous_8)","line":71,"loc":{"start":{"line":71,"column":16},"end":{"line":71,"column":46}}},"9":{"name":"(anonymous_9)","line":75,"loc":{"start":{"line":75,"column":18},"end":{"line":75,"column":48}}},"10":{"name":"(anonymous_10)","line":79,"loc":{"start":{"line":79,"column":18},"end":{"line":79,"column":48}}},"11":{"name":"(anonymous_11)","line":83,"loc":{"start":{"line":83,"column":20},"end":{"line":83,"column":37}}},"12":{"name":"(anonymous_12)","line":100,"loc":{"start":{"line":100,"column":15},"end":{"line":100,"column":27}}},"13":{"name":"(anonymous_13)","line":120,"loc":{"start":{"line":120,"column":25},"end":{"line":120,"column":52}}},"14":{"name":"(anonymous_14)","line":127,"loc":{"start":{"line":127,"column":25},"end":{"line":127,"column":58}}},"15":{"name":"(anonymous_15)","line":146,"loc":{"start":{"line":146,"column":25},"end":{"line":146,"column":37}}},"16":{"name":"(anonymous_16)","line":150,"loc":{"start":{"line":150,"column":25},"end":{"line":150,"column":37}}},"17":{"name":"(anonymous_17)","line":154,"loc":{"start":{"line":154,"column":25},"end":{"line":154,"column":37}}},"18":{"name":"(anonymous_18)","line":158,"loc":{"start":{"line":158,"column":25},"end":{"line":158,"column":37}}},"19":{"name":"(anonymous_19)","line":162,"loc":{"start":{"line":162,"column":25},"end":{"line":162,"column":37}}},"20":{"name":"(anonymous_20)","line":166,"loc":{"start":{"line":166,"column":25},"end":{"line":166,"column":37}}},"21":{"name":"(anonymous_21)","line":171,"loc":{"start":{"line":171,"column":20},"end":{"line":171,"column":56}}},"22":{"name":"(anonymous_22)","line":206,"loc":{"start":{"line":206,"column":41},"end":{"line":206,"column":53}}},"23":{"name":"(anonymous_23)","line":210,"loc":{"start":{"line":210,"column":42},"end":{"line":210,"column":54}}},"24":{"name":"(anonymous_24)","line":214,"loc":{"start":{"line":214,"column":31},"end":{"line":214,"column":43}}},"25":{"name":"(anonymous_25)","line":222,"loc":{"start":{"line":222,"column":51},"end":{"line":222,"column":63}}},"26":{"name":"(anonymous_26)","line":224,"loc":{"start":{"line":224,"column":47},"end":{"line":224,"column":59}}},"27":{"name":"(anonymous_27)","line":226,"loc":{"start":{"line":226,"column":56},"end":{"line":226,"column":68}}},"28":{"name":"(anonymous_28)","line":229,"loc":{"start":{"line":229,"column":32},"end":{"line":229,"column":57}}},"29":{"name":"(anonymous_29)","line":241,"loc":{"start":{"line":241,"column":22},"end":{"line":241,"column":51}}},"30":{"name":"(anonymous_30)","line":250,"loc":{"start":{"line":250,"column":18},"end":{"line":250,"column":30}}},"31":{"name":"(anonymous_31)","line":252,"loc":{"start":{"line":252,"column":29},"end":{"line":252,"column":69}}},"32":{"name":"(anonymous_32)","line":253,"loc":{"start":{"line":253,"column":23},"end":{"line":253,"column":47}}},"33":{"name":"(anonymous_33)","line":256,"loc":{"start":{"line":256,"column":29},"end":{"line":256,"column":60}}},"34":{"name":"(anonymous_34)","line":260,"loc":{"start":{"line":260,"column":20},"end":{"line":260,"column":37}}},"35":{"name":"(anonymous_35)","line":267,"loc":{"start":{"line":267,"column":20},"end":{"line":267,"column":37}}},"36":{"name":"(anonymous_36)","line":275,"loc":{"start":{"line":275,"column":21},"end":{"line":275,"column":89}}},"37":{"name":"(anonymous_37)","line":305,"loc":{"start":{"line":305,"column":42},"end":{"line":305,"column":69}}},"38":{"name":"(anonymous_38)","line":318,"loc":{"start":{"line":318,"column":37},"end":{"line":318,"column":90}}},"39":{"name":"(anonymous_39)","line":327,"loc":{"start":{"line":327,"column":18},"end":{"line":327,"column":30}}},"40":{"name":"(anonymous_40)","line":336,"loc":{"start":{"line":336,"column":21},"end":{"line":336,"column":75}}},"41":{"name":"(anonymous_41)","line":354,"loc":{"start":{"line":354,"column":18},"end":{"line":354,"column":59}}},"42":{"name":"(anonymous_42)","line":366,"loc":{"start":{"line":366,"column":18},"end":{"line":366,"column":59}}},"43":{"name":"(anonymous_43)","line":368,"loc":{"start":{"line":368,"column":58},"end":{"line":368,"column":75}}},"44":{"name":"(anonymous_44)","line":374,"loc":{"start":{"line":374,"column":18},"end":{"line":374,"column":35}}},"45":{"name":"(anonymous_45)","line":381,"loc":{"start":{"line":381,"column":18},"end":{"line":381,"column":35}}},"46":{"name":"(anonymous_46)","line":382,"loc":{"start":{"line":382,"column":81},"end":{"line":382,"column":107}}},"47":{"name":"(anonymous_47)","line":391,"loc":{"start":{"line":391,"column":22},"end":{"line":391,"column":34}}},"48":{"name":"(anonymous_48)","line":405,"loc":{"start":{"line":405,"column":26},"end":{"line":405,"column":39}}},"49":{"name":"(anonymous_49)","line":408,"loc":{"start":{"line":408,"column":14},"end":{"line":408,"column":30}}},"50":{"name":"(anonymous_50)","line":411,"loc":{"start":{"line":411,"column":14},"end":{"line":411,"column":26}}},"51":{"name":"(anonymous_51)","line":421,"loc":{"start":{"line":421,"column":21},"end":{"line":421,"column":44}}},"52":{"name":"(anonymous_52)","line":440,"loc":{"start":{"line":440,"column":10},"end":{"line":440,"column":40}}},"53":{"name":"(anonymous_53)","line":444,"loc":{"start":{"line":444,"column":10},"end":{"line":444,"column":48}}},"54":{"name":"(anonymous_54)","line":452,"loc":{"start":{"line":452,"column":18},"end":{"line":452,"column":35}}},"55":{"name":"(anonymous_55)","line":471,"loc":{"start":{"line":471,"column":13},"end":{"line":471,"column":58}}},"56":{"name":"(anonymous_56)","line":473,"loc":{"start":{"line":473,"column":15},"end":{"line":473,"column":27}}},"57":{"name":"(anonymous_57)","line":479,"loc":{"start":{"line":479,"column":23},"end":{"line":479,"column":72}}},"58":{"name":"(anonymous_58)","line":507,"loc":{"start":{"line":507,"column":17},"end":{"line":507,"column":41}}},"59":{"name":"(anonymous_59)","line":510,"loc":{"start":{"line":510,"column":25},"end":{"line":510,"column":49}}},"60":{"name":"(anonymous_60)","line":518,"loc":{"start":{"line":518,"column":22},"end":{"line":518,"column":35}}},"61":{"name":"(anonymous_61)","line":531,"loc":{"start":{"line":531,"column":33},"end":{"line":531,"column":68}}},"62":{"name":"(anonymous_62)","line":536,"loc":{"start":{"line":536,"column":10},"end":{"line":536,"column":45}}},"63":{"name":"(anonymous_63)","line":549,"loc":{"start":{"line":549,"column":12},"end":{"line":549,"column":45}}},"64":{"name":"(anonymous_64)","line":584,"loc":{"start":{"line":584,"column":11},"end":{"line":584,"column":51}}},"65":{"name":"(anonymous_65)","line":640,"loc":{"start":{"line":640,"column":12},"end":{"line":640,"column":50}}},"66":{"name":"(anonymous_66)","line":652,"loc":{"start":{"line":652,"column":12},"end":{"line":652,"column":24}}},"67":{"name":"(anonymous_67)","line":662,"loc":{"start":{"line":662,"column":13},"end":{"line":662,"column":44}}},"68":{"name":"(anonymous_68)","line":691,"loc":{"start":{"line":691,"column":14},"end":{"line":691,"column":45}}},"69":{"name":"(anonymous_69)","line":718,"loc":{"start":{"line":718,"column":32},"end":{"line":718,"column":44}}},"70":{"name":"(anonymous_70)","line":726,"loc":{"start":{"line":726,"column":18},"end":{"line":726,"column":30}}}},"statementMap":{"1":{"start":{"line":6,"column":0},"end":{"line":741,"column":3}},"2":{"start":{"line":7,"column":2},"end":{"line":9,"column":35}},"3":{"start":{"line":7,"column":54},"end":{"line":7,"column":83}},"4":{"start":{"line":8,"column":7},"end":{"line":9,"column":35}},"5":{"start":{"line":8,"column":54},"end":{"line":8,"column":72}},"6":{"start":{"line":9,"column":7},"end":{"line":9,"column":35}},"7":{"start":{"line":11,"column":2},"end":{"line":11,"column":29}},"8":{"start":{"line":12,"column":2},"end":{"line":12,"column":27}},"9":{"start":{"line":14,"column":2},"end":{"line":722,"column":7}},"10":{"start":{"line":27,"column":41},"end":{"line":27,"column":66}},"11":{"start":{"line":28,"column":38},"end":{"line":28,"column":66}},"12":{"start":{"line":29,"column":38},"end":{"line":29,"column":68}},"13":{"start":{"line":63,"column":8},"end":{"line":63,"column":78}},"14":{"start":{"line":63,"column":44},"end":{"line":63,"column":78}},"15":{"start":{"line":64,"column":8},"end":{"line":64,"column":19}},"16":{"start":{"line":70,"column":8},"end":{"line":89,"column":13}},"17":{"start":{"line":72,"column":18},"end":{"line":72,"column":118}},"18":{"start":{"line":76,"column":20},"end":{"line":76,"column":99}},"19":{"start":{"line":77,"column":20},"end":{"line":77,"column":79}},"20":{"start":{"line":80,"column":20},"end":{"line":80,"column":92}},"21":{"start":{"line":80,"column":57},"end":{"line":80,"column":92}},"22":{"start":{"line":80,"column":84},"end":{"line":80,"column":92}},"23":{"start":{"line":81,"column":20},"end":{"line":81,"column":28}},"24":{"start":{"line":84,"column":14},"end":{"line":84,"column":47}},"25":{"start":{"line":85,"column":14},"end":{"line":88,"column":50}},"26":{"start":{"line":91,"column":8},"end":{"line":95,"column":9}},"27":{"start":{"line":102,"column":8},"end":{"line":202,"column":13}},"28":{"start":{"line":121,"column":22},"end":{"line":121,"column":69}},"29":{"start":{"line":122,"column":22},"end":{"line":122,"column":37}},"30":{"start":{"line":128,"column":22},"end":{"line":128,"column":83}},"31":{"start":{"line":129,"column":22},"end":{"line":129,"column":51}},"32":{"start":{"line":130,"column":22},"end":{"line":136,"column":23}},"33":{"start":{"line":131,"column":24},"end":{"line":131,"column":54}},"34":{"start":{"line":132,"column":24},"end":{"line":132,"column":54}},"35":{"start":{"line":133,"column":29},"end":{"line":136,"column":23}},"36":{"start":{"line":134,"column":24},"end":{"line":134,"column":96}},"37":{"start":{"line":135,"column":24},"end":{"line":135,"column":94}},"38":{"start":{"line":137,"column":22},"end":{"line":140,"column":23}},"39":{"start":{"line":138,"column":24},"end":{"line":139,"column":85}},"40":{"start":{"line":141,"column":22},"end":{"line":141,"column":39}},"41":{"start":{"line":146,"column":39},"end":{"line":146,"column":62}},"42":{"start":{"line":150,"column":39},"end":{"line":150,"column":56}},"43":{"start":{"line":154,"column":39},"end":{"line":154,"column":57}},"44":{"start":{"line":158,"column":39},"end":{"line":158,"column":59}},"45":{"start":{"line":162,"column":39},"end":{"line":162,"column":57}},"46":{"start":{"line":166,"column":39},"end":{"line":166,"column":58}},"47":{"start":{"line":172,"column":14},"end":{"line":172,"column":43}},"48":{"start":{"line":172,"column":37},"end":{"line":172,"column":43}},"49":{"start":{"line":173,"column":14},"end":{"line":173,"column":113}},"50":{"start":{"line":174,"column":14},"end":{"line":174,"column":40}},"51":{"start":{"line":175,"column":14},"end":{"line":175,"column":44}},"52":{"start":{"line":176,"column":14},"end":{"line":176,"column":40}},"53":{"start":{"line":178,"column":14},"end":{"line":178,"column":32}},"54":{"start":{"line":178,"column":26},"end":{"line":178,"column":32}},"55":{"start":{"line":180,"column":14},"end":{"line":182,"column":39}},"56":{"start":{"line":184,"column":14},"end":{"line":184,"column":88}},"57":{"start":{"line":186,"column":14},"end":{"line":201,"column":15}},"58":{"start":{"line":187,"column":16},"end":{"line":187,"column":42}},"59":{"start":{"line":188,"column":16},"end":{"line":195,"column":17}},"60":{"start":{"line":189,"column":18},"end":{"line":194,"column":19}},"61":{"start":{"line":190,"column":20},"end":{"line":193,"column":21}},"62":{"start":{"line":191,"column":22},"end":{"line":191,"column":68}},"63":{"start":{"line":192,"column":22},"end":{"line":192,"column":27}},"64":{"start":{"line":197,"column":16},"end":{"line":197,"column":48}},"65":{"start":{"line":198,"column":16},"end":{"line":200,"column":17}},"66":{"start":{"line":199,"column":18},"end":{"line":199,"column":81}},"67":{"start":{"line":199,"column":63},"end":{"line":199,"column":81}},"68":{"start":{"line":206,"column":8},"end":{"line":209,"column":9}},"69":{"start":{"line":207,"column":10},"end":{"line":208,"column":53}},"70":{"start":{"line":207,"column":49},"end":{"line":207,"column":84}},"71":{"start":{"line":208,"column":15},"end":{"line":208,"column":53}},"72":{"start":{"line":210,"column":8},"end":{"line":213,"column":9}},"73":{"start":{"line":211,"column":10},"end":{"line":212,"column":53}},"74":{"start":{"line":211,"column":50},"end":{"line":211,"column":86}},"75":{"start":{"line":212,"column":15},"end":{"line":212,"column":53}},"76":{"start":{"line":214,"column":8},"end":{"line":218,"column":9}},"77":{"start":{"line":215,"column":10},"end":{"line":215,"column":31}},"78":{"start":{"line":216,"column":10},"end":{"line":216,"column":32}},"79":{"start":{"line":217,"column":10},"end":{"line":217,"column":29}},"80":{"start":{"line":222,"column":8},"end":{"line":225,"column":9}},"81":{"start":{"line":223,"column":10},"end":{"line":223,"column":104}},"82":{"start":{"line":223,"column":59},"end":{"line":223,"column":104}},"83":{"start":{"line":224,"column":10},"end":{"line":224,"column":74}},"84":{"start":{"line":224,"column":61},"end":{"line":224,"column":73}},"85":{"start":{"line":226,"column":8},"end":{"line":228,"column":9}},"86":{"start":{"line":227,"column":10},"end":{"line":227,"column":119}},"87":{"start":{"line":229,"column":8},"end":{"line":235,"column":9}},"88":{"start":{"line":232,"column":10},"end":{"line":232,"column":63}},"89":{"start":{"line":233,"column":10},"end":{"line":233,"column":42}},"90":{"start":{"line":234,"column":10},"end":{"line":234,"column":19}},"91":{"start":{"line":237,"column":8},"end":{"line":237,"column":20}},"92":{"start":{"line":242,"column":8},"end":{"line":242,"column":95}},"93":{"start":{"line":252,"column":8},"end":{"line":302,"column":11}},"94":{"start":{"line":253,"column":12},"end":{"line":270,"column":21}},"95":{"start":{"line":254,"column":18},"end":{"line":254,"column":104}},"96":{"start":{"line":257,"column":18},"end":{"line":257,"column":93}},"97":{"start":{"line":261,"column":22},"end":{"line":261,"column":58}},"98":{"start":{"line":262,"column":22},"end":{"line":265,"column":23}},"99":{"start":{"line":263,"column":24},"end":{"line":263,"column":63}},"100":{"start":{"line":263,"column":35},"end":{"line":263,"column":63}},"101":{"start":{"line":264,"column":24},"end":{"line":264,"column":53}},"102":{"start":{"line":268,"column":22},"end":{"line":268,"column":78}},"103":{"start":{"line":268,"column":40},"end":{"line":268,"column":78}},"104":{"start":{"line":269,"column":22},"end":{"line":269,"column":51}},"105":{"start":{"line":271,"column":12},"end":{"line":271,"column":44}},"106":{"start":{"line":272,"column":12},"end":{"line":272,"column":26}},"107":{"start":{"line":276,"column":12},"end":{"line":277,"column":24}},"108":{"start":{"line":279,"column":12},"end":{"line":282,"column":13}},"109":{"start":{"line":281,"column":14},"end":{"line":281,"column":78}},"110":{"start":{"line":284,"column":12},"end":{"line":289,"column":13}},"111":{"start":{"line":285,"column":14},"end":{"line":287,"column":15}},"112":{"start":{"line":286,"column":16},"end":{"line":286,"column":86}},"113":{"start":{"line":288,"column":14},"end":{"line":288,"column":44}},"114":{"start":{"line":291,"column":12},"end":{"line":291,"column":89}},"115":{"start":{"line":292,"column":12},"end":{"line":292,"column":64}},"116":{"start":{"line":293,"column":12},"end":{"line":293,"column":40}},"117":{"start":{"line":294,"column":12},"end":{"line":294,"column":37}},"118":{"start":{"line":295,"column":12},"end":{"line":295,"column":41}},"119":{"start":{"line":296,"column":12},"end":{"line":296,"column":43}},"120":{"start":{"line":297,"column":12},"end":{"line":297,"column":80}},"121":{"start":{"line":298,"column":12},"end":{"line":298,"column":65}},"122":{"start":{"line":299,"column":12},"end":{"line":299,"column":60}},"123":{"start":{"line":300,"column":12},"end":{"line":300,"column":37}},"124":{"start":{"line":301,"column":12},"end":{"line":301,"column":77}},"125":{"start":{"line":305,"column":8},"end":{"line":315,"column":9}},"126":{"start":{"line":306,"column":10},"end":{"line":306,"column":25}},"127":{"start":{"line":307,"column":10},"end":{"line":307,"column":43}},"128":{"start":{"line":307,"column":32},"end":{"line":307,"column":43}},"129":{"start":{"line":308,"column":10},"end":{"line":308,"column":44}},"130":{"start":{"line":308,"column":32},"end":{"line":308,"column":44}},"131":{"start":{"line":309,"column":10},"end":{"line":313,"column":11}},"132":{"start":{"line":310,"column":12},"end":{"line":312,"column":13}},"133":{"start":{"line":311,"column":14},"end":{"line":311,"column":63}},"134":{"start":{"line":311,"column":60},"end":{"line":311,"column":63}},"135":{"start":{"line":314,"column":10},"end":{"line":314,"column":45}},"136":{"start":{"line":318,"column":8},"end":{"line":322,"column":9}},"137":{"start":{"line":319,"column":10},"end":{"line":321,"column":60}},"138":{"start":{"line":324,"column":8},"end":{"line":324,"column":23}},"139":{"start":{"line":332,"column":8},"end":{"line":397,"column":13}},"140":{"start":{"line":337,"column":14},"end":{"line":337,"column":40}},"141":{"start":{"line":338,"column":14},"end":{"line":351,"column":15}},"142":{"start":{"line":340,"column":16},"end":{"line":344,"column":17}},"143":{"start":{"line":341,"column":18},"end":{"line":343,"column":19}},"144":{"start":{"line":342,"column":20},"end":{"line":342,"column":77}},"145":{"start":{"line":346,"column":16},"end":{"line":346,"column":74}},"146":{"start":{"line":347,"column":16},"end":{"line":347,"column":33}},"147":{"start":{"line":347,"column":27},"end":{"line":347,"column":33}},"148":{"start":{"line":348,"column":16},"end":{"line":350,"column":17}},"149":{"start":{"line":349,"column":18},"end":{"line":349,"column":113}},"150":{"start":{"line":349,"column":107},"end":{"line":349,"column":113}},"151":{"start":{"line":357,"column":14},"end":{"line":357,"column":58}},"152":{"start":{"line":358,"column":14},"end":{"line":362,"column":15}},"153":{"start":{"line":359,"column":16},"end":{"line":361,"column":17}},"154":{"start":{"line":360,"column":18},"end":{"line":360,"column":92}},"155":{"start":{"line":360,"column":81},"end":{"line":360,"column":92}},"156":{"start":{"line":363,"column":14},"end":{"line":363,"column":26}},"157":{"start":{"line":367,"column":14},"end":{"line":367,"column":30}},"158":{"start":{"line":368,"column":14},"end":{"line":370,"column":16}},"159":{"start":{"line":369,"column":16},"end":{"line":369,"column":42}},"160":{"start":{"line":371,"column":14},"end":{"line":371,"column":28}},"161":{"start":{"line":375,"column":14},"end":{"line":377,"column":15}},"162":{"start":{"line":377,"column":15},"end":{"line":377,"column":56}},"163":{"start":{"line":378,"column":14},"end":{"line":378,"column":24}},"164":{"start":{"line":382,"column":14},"end":{"line":387,"column":16}},"165":{"start":{"line":383,"column":16},"end":{"line":383,"column":33}},"166":{"start":{"line":384,"column":16},"end":{"line":384,"column":36}},"167":{"start":{"line":385,"column":16},"end":{"line":385,"column":88}},"168":{"start":{"line":385,"column":39},"end":{"line":385,"column":88}},"169":{"start":{"line":386,"column":16},"end":{"line":386,"column":28}},"170":{"start":{"line":392,"column":14},"end":{"line":392,"column":33}},"171":{"start":{"line":393,"column":14},"end":{"line":395,"column":15}},"172":{"start":{"line":394,"column":16},"end":{"line":394,"column":72}},"173":{"start":{"line":394,"column":40},"end":{"line":394,"column":72}},"174":{"start":{"line":396,"column":14},"end":{"line":396,"column":28}},"175":{"start":{"line":399,"column":8},"end":{"line":399,"column":75}},"176":{"start":{"line":406,"column":8},"end":{"line":416,"column":9}},"177":{"start":{"line":407,"column":10},"end":{"line":413,"column":15}},"178":{"start":{"line":409,"column":16},"end":{"line":409,"column":44}},"179":{"start":{"line":412,"column":16},"end":{"line":412,"column":69}},"180":{"start":{"line":415,"column":10},"end":{"line":415,"column":28}},"181":{"start":{"line":422,"column":8},"end":{"line":422,"column":85}},"182":{"start":{"line":422,"column":79},"end":{"line":422,"column":85}},"183":{"start":{"line":424,"column":8},"end":{"line":426,"column":17}},"184":{"start":{"line":428,"column":8},"end":{"line":428,"column":44}},"185":{"start":{"line":429,"column":8},"end":{"line":429,"column":35}},"186":{"start":{"line":429,"column":18},"end":{"line":429,"column":35}},"187":{"start":{"line":433,"column":8},"end":{"line":435,"column":9}},"188":{"start":{"line":434,"column":10},"end":{"line":434,"column":75}},"189":{"start":{"line":434,"column":37},"end":{"line":434,"column":75}},"190":{"start":{"line":442,"column":12},"end":{"line":442,"column":76}},"191":{"start":{"line":447,"column":12},"end":{"line":447,"column":21}},"192":{"start":{"line":448,"column":12},"end":{"line":468,"column":13}},"193":{"start":{"line":449,"column":14},"end":{"line":459,"column":16}},"194":{"start":{"line":453,"column":20},"end":{"line":453,"column":61}},"195":{"start":{"line":460,"column":14},"end":{"line":460,"column":88}},"196":{"start":{"line":460,"column":61},"end":{"line":460,"column":88}},"197":{"start":{"line":461,"column":14},"end":{"line":461,"column":77}},"198":{"start":{"line":463,"column":14},"end":{"line":463,"column":82}},"199":{"start":{"line":464,"column":14},"end":{"line":467,"column":15}},"200":{"start":{"line":465,"column":16},"end":{"line":465,"column":79}},"201":{"start":{"line":466,"column":16},"end":{"line":466,"column":35}},"202":{"start":{"line":473,"column":8},"end":{"line":476,"column":9}},"203":{"start":{"line":474,"column":10},"end":{"line":474,"column":35}},"204":{"start":{"line":475,"column":10},"end":{"line":475,"column":39}},"205":{"start":{"line":480,"column":8},"end":{"line":483,"column":16}},"206":{"start":{"line":485,"column":8},"end":{"line":496,"column":9}},"207":{"start":{"line":486,"column":10},"end":{"line":495,"column":11}},"208":{"start":{"line":492,"column":12},"end":{"line":492,"column":37}},"209":{"start":{"line":493,"column":12},"end":{"line":494,"column":96}},"210":{"start":{"line":494,"column":14},"end":{"line":494,"column":96}},"211":{"start":{"line":498,"column":8},"end":{"line":503,"column":9}},"212":{"start":{"line":499,"column":10},"end":{"line":502,"column":11}},"213":{"start":{"line":501,"column":12},"end":{"line":501,"column":64}},"214":{"start":{"line":510,"column":8},"end":{"line":521,"column":13}},"215":{"start":{"line":511,"column":14},"end":{"line":511,"column":91}},"216":{"start":{"line":512,"column":14},"end":{"line":516,"column":15}},"217":{"start":{"line":513,"column":16},"end":{"line":515,"column":17}},"218":{"start":{"line":514,"column":18},"end":{"line":514,"column":56}},"219":{"start":{"line":514,"column":43},"end":{"line":514,"column":56}},"220":{"start":{"line":519,"column":14},"end":{"line":519,"column":52}},"221":{"start":{"line":520,"column":14},"end":{"line":520,"column":51}},"222":{"start":{"line":520,"column":25},"end":{"line":520,"column":51}},"223":{"start":{"line":524,"column":8},"end":{"line":527,"column":9}},"224":{"start":{"line":528,"column":8},"end":{"line":528,"column":22}},"225":{"start":{"line":533,"column":8},"end":{"line":533,"column":71}},"226":{"start":{"line":534,"column":8},"end":{"line":534,"column":77}},"227":{"start":{"line":535,"column":8},"end":{"line":535,"column":34}},"228":{"start":{"line":538,"column":8},"end":{"line":538,"column":50}},"229":{"start":{"line":539,"column":8},"end":{"line":539,"column":100}},"230":{"start":{"line":550,"column":8},"end":{"line":551,"column":34}},"231":{"start":{"line":553,"column":8},"end":{"line":559,"column":9}},"232":{"start":{"line":555,"column":10},"end":{"line":555,"column":38}},"233":{"start":{"line":556,"column":10},"end":{"line":557,"column":41}},"234":{"start":{"line":557,"column":12},"end":{"line":557,"column":41}},"235":{"start":{"line":558,"column":10},"end":{"line":558,"column":24}},"236":{"start":{"line":561,"column":8},"end":{"line":561,"column":59}},"237":{"start":{"line":562,"column":8},"end":{"line":562,"column":70}},"238":{"start":{"line":562,"column":40},"end":{"line":562,"column":70}},"239":{"start":{"line":564,"column":8},"end":{"line":576,"column":9}},"240":{"start":{"line":566,"column":10},"end":{"line":566,"column":115}},"241":{"start":{"line":566,"column":78},"end":{"line":566,"column":115}},"242":{"start":{"line":567,"column":10},"end":{"line":567,"column":55}},"243":{"start":{"line":568,"column":15},"end":{"line":576,"column":9}},"244":{"start":{"line":570,"column":10},"end":{"line":570,"column":49}},"245":{"start":{"line":573,"column":10},"end":{"line":575,"column":11}},"246":{"start":{"line":574,"column":12},"end":{"line":574,"column":72}},"247":{"start":{"line":574,"column":44},"end":{"line":574,"column":72}},"248":{"start":{"line":578,"column":8},"end":{"line":578,"column":22}},"249":{"start":{"line":585,"column":8},"end":{"line":585,"column":58}},"250":{"start":{"line":588,"column":8},"end":{"line":596,"column":9}},"251":{"start":{"line":590,"column":10},"end":{"line":594,"column":11}},"252":{"start":{"line":591,"column":12},"end":{"line":593,"column":13}},"253":{"start":{"line":592,"column":14},"end":{"line":592,"column":56}},"254":{"start":{"line":595,"column":10},"end":{"line":595,"column":16}},"255":{"start":{"line":598,"column":8},"end":{"line":606,"column":9}},"256":{"start":{"line":600,"column":10},"end":{"line":600,"column":25}},"257":{"start":{"line":601,"column":10},"end":{"line":601,"column":47}},"258":{"start":{"line":602,"column":10},"end
[...]
 only once","      // per event type per DOM element","    , rootListener = function (event, type) {","        if (!W3C_MODEL && type && event && event.propertyName != '_on' + type) return","","        var listeners = registry.get(this, type || event.type, null, false)","          , l = listeners.length","          , i = 0","","        event = new Event(event, this, true)","        if (type) event.type = type","","        // iterate through all handlers registered for this type, calling them unless they have","        // been removed by a previous handler or stopImmediatePropagation() has been called","        for (; i < l && !event.isImmediatePropagationStopped(); i++) {","          if (!listeners[i].removed) listeners[i].handler.call(this, event)","        }","      }","","      // add and remove listeners to DOM elements","    , listener = W3C_MODEL","        ? function (element, type, add) {","            // new browsers","            element[add ? addEvent : removeEvent](type, rootListener, false)","          }","        : function (element, type, add, custom) {","            // IE8 and below, use attachEvent/detachEvent and we have to piggy-back propertychange events","            // to simulate event bubbling etc.","            var entry","            if (add) {","              registry.put(entry = new RegEntry(","                  element","                , custom || type","                , function (event) { // handler","                    rootListener.call(element, event, custom)","                  }","                , rootListener","                , null","                , null","                , true // is root","              ))","              if (custom && element['_on' + custom] == null) element['_on' + custom] = 0","              entry.target.attachEvent('on' + entry.eventType, entry.handler)","            } else {","              entry = registry.get(element, custom || type, rootListener, true)[0]","              if (entry) {","                entry.target.detachEvent('on' + entry.eventType, entry.handler)","                registry.del(entry)","              }","            }","          }","","    , once = function (rm, element, type, fn, originalFn) {","        // wrap the handler in a handler that does a remove as well","        return function () {","          fn.apply(this, arguments)","          rm(element, type, originalFn)","        }","      }","","    , removeListener = function (element, orgType, handler, namespaces) {","        var type     = orgType && orgType.replace(nameRegex, '')","          , handlers = registry.get(element, type, null, false)","          , removed  = {}","          , i, l","","        for (i = 0, l = handlers.length; i < l; i++) {","          if ((!handler || handlers[i].original === handler) && handlers[i].inNamespaces(namespaces)) {","            // TODO: this is problematic, we have a registry.get() and registry.del() that","            // both do registry searches so we waste cycles doing this. Needs to be rolled into","            // a single registry.forAll(fn) that removes while finding, but the catch is that","            // we'll be splicing the arrays that we're iterating over. Needs extra tests to","            // make sure we don't screw it up. @rvagg","            registry.del(handlers[i])","            if (!removed[handlers[i].eventType] && handlers[i][eventSupport])","              removed[handlers[i].eventType] = { t: handlers[i].eventType, c: handlers[i].type }","          }","        }","        // check each type/element for removed listeners and remove the rootListener where it's no longer needed","        for (i in removed) {","          if (!registry.has(element, removed[i].t, null, false)) {","            // last listener of this type, remove the rootListener","            listener(element, removed[i].t, false, removed[i].c)","          }","        }","      }","","      // set up a delegate helper using the given selector, wrap the handler function","    , delegate = function (selector, fn) {","        //TODO: findTarget (therefore $) is called twice, once for match and once for","        // setting e.currentTarget, fix this so it's only needed once","        var findTarget = function (target, root) {","              var i, array = isString(selector) ? selectorEngine(selector, root) : selector","              for (; target && target !== root; target = target.parentNode) {","                for (i = array.length; i--;) {","                  if (array[i] === target) return target","                }","              }","            }","          , handler = function (e) {","              var match = findTarget(e.target, this)","              if (match) fn.apply(match, arguments)","            }","","        // __beanDel isn't pleasant but it's a private function, not exposed outside of Bean","        handler.__beanDel = {","            ft       : findTarget // attach it here for customEvents to use too","          , selector : selector","        }","        return handler","      }","","    , fireListener = W3C_MODEL ? function (isNative, type, element) {","        // modern browsers, do a proper dispatchEvent()","        var evt = doc.createEvent(isNative ? 'HTMLEvents' : 'UIEvents')","        evt[isNative ? 'initEvent' : 'initUIEvent'](type, true, true, win, 1)","        element.dispatchEvent(evt)","      } : function (isNative, type, element) {","        // old browser use onpropertychange, just increment a custom property to trigger the event","        element = targetElement(element, isNative)","        isNative ? element.fireEvent('on' + type, doc.createEventObject()) : element['_on' + type]++","      }","","      /**","        * Public API: off(), on(), add(), (remove()), one(), fire(), clone()","        */","","      /**","        * off(element[, eventType(s)[, handler ]])","        */","    , off = function (element, typeSpec, fn) {","        var isTypeStr = isString(typeSpec)","          , k, type, namespaces, i","","        if (isTypeStr && typeSpec.indexOf(' ') > 0) {","          // off(el, 't1 t2 t3', fn) or off(el, 't1 t2 t3')","          typeSpec = str2arr(typeSpec)","          for (i = typeSpec.length; i--;)","            off(element, typeSpec[i], fn)","          return element","        }","","        type = isTypeStr && typeSpec.replace(nameRegex, '')","        if (type && customEvents[type]) type = customEvents[type].base","","        if (!typeSpec || isTypeStr) {","          // off(el) or off(el, t1.ns) or off(el, .ns) or off(el, .ns1.ns2.ns3)","          if (namespaces = isTypeStr && typeSpec.replace(namespaceRegex, '')) namespaces = str2arr(namespaces, '.')","          removeListener(element, type, fn, namespaces)","        } else if (isFunction(typeSpec)) {","          // off(el, fn)","          removeListener(element, null, typeSpec)","        } else {","          // off(el, { t1: fn1, t2, fn2 })","          for (k in typeSpec) {","            if (typeSpec.hasOwnProperty(k)) off(element, k, typeSpec[k])","          }","        }","","        return element","      }","","      /**","        * on(element, eventType(s)[, selector], handler[, args ])","        */","    , on = function(element, events, selector, fn) {","        var originalFn, type, types, i, args, entry, first","","        //TODO: the undefined check means you can't pass an 'args' argument, fix this perhaps?","        if (selector === undefined && typeof events == 'object') {","          //TODO: this can't handle delegated events","          for (type in events) {","            if (events.hasOwnProperty(type)) {","              on.call(this, element, type, events[type])","            }","          }","          return","        }","","        if (!isFunction(selector)) {","          // delegated event","          originalFn = fn","          args       = slice.call(arguments, 4)","          fn         = delegate(selector, originalFn, selectorEngine)","        } else {","          args       = slice.call(arguments, 3)","          fn         = originalFn = selector","        }","","        types = str2arr(events)","","        // special case for one(), wrap in a self-removing handler","        if (this === ONE) {","          fn = once(off, element, events, fn, originalFn)","        }","","        for (i = types.length; i--;) {","          // add new handler to the registry and check if it's the first for this element/type","          first = registry.put(entry = new RegEntry(","              element","            , types[i].replace(nameRegex, '') // event type","            , fn","            , originalFn","            , str2arr(types[i].replace(namespaceRegex, ''), '.') // namespaces","            , args","            , false // not root","          ))","          if (entry[eventSupport] && first) {","            // first event of this type on this element, add root listener","            listener(element, entry.eventType, true, entry.customType)","          }","        }","","        return element","      }","","      /**","        * add(element[, selector], eventType(s), handler[, args ])","        *","        * Deprecated: kept (for now) for backward-compatibility","        */","    , add = function (element, events, fn, delfn) {","        return on.apply(","            null","          , !isString(fn)","              ? slice.call(arguments)","              : [ element, fn, events, delfn ].concat(arguments.length > 3 ? slice.call(arguments, 5) : [])","        )","      }","","      /**","        * one(element, eventType(s)[, selector], handler[, args ])","        */","    , one = function () {","        return on.apply(ONE, arguments)","      }","","      /**","        * fire(element, eventType(s)[, args ])","        *","        * The optional 'args' argument must be an array, if no 'args' argument is provided","        * then we can use the browser's DOM event system, otherwise we trigger handlers manually","        */","    , fire = function (element, type, args) {","        var types = str2arr(type)","          , i, j, l, names, handlers","","        for (i = types.length; i--;) {","          type = types[i].replace(nameRegex, '')","          if (names = types[i].replace(namespaceRegex, '')) names = str2arr(names, '.')","          if (!names && !args && element[eventSupport]) {","            fireListener(nativeEvents[type], type, element)","          } else {","            // non-native event, either because of a namespace, arguments or a non DOM element","            // iterate over all listeners and manually 'fire'","            handlers = registry.get(element, type, null, false)","            args = [false].concat(args)","            for (j = 0, l = handlers.length; j < l; j++) {","              if (handlers[j].inNamespaces(names)) {","                handlers[j].handler.apply(element, args)","              }","            }","          }","        }","        return element","      }","","      /**","        * clone(dstElement, srcElement[, eventType ])","        *","        * TODO: perhaps for consistency we should allow the same flexibility in type specifiers?","        */","    , clone = function (element, from, type) {","        var handlers = registry.get(from, type, null, false)","          , l = handlers.length","          , i = 0","          , args, beanDel","","        for (; i < l; i++) {","          if (handlers[i].original) {","            args = [ element, handlers[i].type ]","            if (beanDel = handlers[i].handler.__beanDel) args.push(beanDel.selector)","            args.push(handlers[i].original)","            on.apply(null, args)","          }","        }","        return element","      }","","    , bean = {","          'on'                : on","        , 'add'               : add","        , 'one'               : one","        , 'off'               : off","        , 'remove'            : off","        , 'clone'             : clone","        , 'fire'              : fire","        , 'Event'             : Event","        , 'setSelectorEngine' : setSelectorEngine","        , 'noConflict'        : function () {","            context[name] = old","            return this","          }","      }","","  // for IE, clean up on unload to avoid leaks","  if (win.attachEvent) {","    var cleanup = function () {","      var i, entries = registry.entries()","      for (i in entries) {","        if (entries[i].type && entries[i].type !== 'unload') off(entries[i].element, entries[i].type)","      }","      win.detachEvent('onunload', cleanup)","      win.CollectGarbage && win.CollectGarbage()","    }","    win.attachEvent('onunload', cleanup)","  }","","  // initialize selector engine to internal default (qSA or throw Error)","  setSelectorEngine()","","  return bean","});",""],"l":{"1":2,"2":2,"3":0,"4":0,"6":2,"7":2,"9":2,"22":0,"23":0,"24":0,"58":0,"59":0,"65":0,"67":0,"71":0,"72":0,"75":0,"76":0,"79":0,"80":0,"86":0,"97":0,"116":0,"117":0,"123":0,"124":0,"125":0,"126":0,"127":0,"128":0,"129":0,"130":0,"132":0,"133":0,"136":0,"141":0,"145":0,"149":0,"153":0,"157":0,"161":0,"167":0,"168":0,"169":0,"170":0,"171":0,"173":0,"175":0,"179":0,"181":0,"182":0,"183":0,"184":0,"185":0,"186":0,"187":0,"192":0,"193":0,"194":0,"201":0,"202":0,"203":0,"205":0,"206":0,"207":0,"209":0,"210":0,"211":0,"212":0,"217":0,"218":0,"219":0,"221":0,"222":0,"224":0,"227":0,"228":0,"229":0,"232":0,"237":0,"247":0,"248":0,"249":0,"252":0,"256":0,"257":0,"258":0,"259":0,"263":0,"264":0,"266":0,"267":0,"271":0,"274":0,"276":0,"279":0,"280":0,"281":0,"283":0,"286":0,"287":0,"288":0,"289":0,"290":0,"291":0,"292":0,"293":0,"294":0,"295":0,"296":0,"300":0,"301":0,"302":0,"303":0,"304":0,"305":0,"306":0,"309":0,"313":0,"314":0,"319":0,"327":0,"332":0,"333":0,"335":0,"336":0,"337":0,"341":0,"342":0,"343":0,"344":0,"352":0,"353":0,"354":0,"355":0,"358":0,"362":0,"363":0,"364":0,"366":0,"370":0,"372":0,"373":0,"377":0,"378":0,"379":0,"380":0,"381":0,"387":0,"388":0,"389":0,"391":0,"394":0,"401":0,"402":0,"404":0,"407":0,"410":0,"417":0,"419":0,"423":0,"424":0,"428":0,"429":0,"437":0,"442":0,"443":0,"444":0,"448":0,"455":0,"456":0,"458":0,"459":0,"460":0,"461":0,"468":0,"469":0,"470":0,"475":0,"480":0,"481":0,"487":0,"488":0,"489":0,"493":0,"494":0,"496":0,"505":0,"506":0,"507":0,"508":0,"509":0,"514":0,"515":0,"519":0,"523":0,"528":0,"529":0,"530":0,"533":0,"534":0,"545":0,"548":0,"550":0,"551":0,"552":0,"553":0,"556":0,"557":0,"559":0,"561":0,"562":0,"563":0,"565":0,"568":0,"569":0,"573":0,"580":0,"583":0,"585":0,"586":0,"587":0,"590":0,"593":0,"595":0,"596":0,"597":0,"599":0,"600":0,"603":0,"606":0,"607":0,"610":0,"612":0,"621":0,"623":0,"627":0,"636":0,"648":0,"658":0,"661":0,"662":0,"663":0,"664":0,"665":0,"669":0,"670":0,"671":0,"672":0,"673":0,"678":0,"687":0,"692":0,"693":0,"694":0,"695":0,"696":0,"697":0,"700":0,"714":0,"715":0,"720":0,"721":0,"722":0,"723":0,"724":0,"726":0,"727":0,"729":0,"733":0,"735":0}},"/home/travis/build/npmtest/node-npmtest-bean/node_modules/bean/src/copyright.js":{"path":"/home/travis/build/npmtest/node-npmtest-bean/node_modules/bean/src/copyright.js","s":{},"b":{},"f":{},"fnMap":{},"statementMap":{},"branchMap":{},"code":["/*!","  * Bean - copyright (c) Jacob Thornton 2011-2012","  * https://github.com/fat/bean","  * MIT license","  */"],"l":{}},"/home/travis/build/npmtest/node-npmtest-bean/node_modules/bean/src/ender.js":{"path":"/home/travis/build/npmtest/node-npmtest-bean/node_modules/bean/src/ender.js","s":{"1":2,"2":0,"3":0,"4":0,"5":0,"6":0,"7":0,"8":0,"9":0,"10":0,"11":0,"12":0,"13":0,"14":0,"15":0,"16":0,"17":0},"b":{"1":[0,0],"2":[0,0],"3":[0,0,0]},"f":{"1":0,"2":0,"3":0,"4":0},"fnMap":{"1":{"name":"(anonymous_1)","line":1,"loc":{"start":{"line":1,"column":1},"end":{"line":1,"column":14}}},"2":{"name":"(anonymous_2)","line":4,"loc":{"start":{"line":4,"column":18},"end":{"line":4,"column":51}}},"3":{"name":"(anonymous_3)","line":6,"loc":{"start":{"line":6,"column":15},"end":{"line":6,"column":27}}},"4":{"name":"(anonymous_4)","line":22,"loc":{"start":{"line":22,"column":14},"end":{"line":22,"column":41}}}},"statementMap":{"1":{"start":{"line":1,"column":0},"end":{"line":65,"column":9}},"2":{"start":{"line":2,"column":2},"end":{"line":56,"column":68}},"3":{"start":{"line":5,"column":8},"end":{"line":5,"column":38}},"4":{"start":{"line":6,"column":8},"end":{"line":12,"column":9}},"5":{"start":{"line":7,"column":10},"end":{"line":10,"column":11}},"6":{"start":{"line":8,"column":12},"end":{"line":8,"column":76}},"7":{"start":{"line":8,"column":61},"end":{"line":8,"column":76}},"8":{"start":{"line":9,"column":12},"end":{"line":9,"column":100}},"9":{"start":{"line":11,"column":10},"end":{"line":11,"column":21}},"10":{"start":{"line":23,"column":8},"end":{"line":26,"column":9}},"11":{"start":{"line":24,"column":10},"end":{"line":24,"column":58}},"12":{"start":{"line":25,"column":10},"end":{"line":25,"column":58}},"13":{"start":{"line":27,"column":8},"end":{"line":27,"column":19}},"14":{"start":{"line":58,"column":2},"end":{"line":60,"column":3}},"15":{"start":{"line":59,"column":4},"end":{"line":59,"column":57}},"16":{"start":{"line":62,"column":2},"end":{"line":62,"column":27}},"17":{"start":{"line":64,"column":2},"end":{"line":64,"column":24}}},"branchMap":{"1":{"line":5,"type":"cond-expr","locations":[{"start":{"line":5,"column":27},"end":{"line":5,"column":33}},{"start":{"line":5,"column":36},"end":{"line":5,"column":38}}]},"2":{"line":8,"type":"if","locations":[{"start":{"line":8,"column":12},"end":{"line":8,"column":12}},{"start":{"line":8,"column":12},"end":{"line":8,"column":12}}]},"3":{"line":8,"type":"binary-expr","locations":[{"start":{"line":8,"column":16},"end":{"line":8,"column":33}},{"start":{"line":8,"column":37},"end":{"line":8,"column":51}},{"start":{"line":8,"column":55},"end":{"line":8,"column":59}}]}},"code":["!function ($) {","  var b = require('bean')","","    , integrate = function (method, type, method2) {","        var _args = type ? [type] : []","        return function () {","          for (var i = 0, l = this.length; i < l; i++) {","            if (!arguments.length && method == 'on' && type) method = 'fire'","            b[method].apply(this, [this[i]].concat(_args, Array.prototype.slice.call(arguments, 0)))","          }","          return this","        }","      }","","    , add   = integrate('add')","    , on    = integrate('on')","    , one   = integrate('one')","    , off   = integrate('off')","    , fire  = integrate('fire')","    , clone = integrate('clone')","","    , hover = function (enter, leave, i) { // i for internal","        for (i = this.length; i--;) {","          b['on'].call(this, this[i], 'mouseenter', enter)","          b['on'].call(this, this[i], 'mouseleave', leave)","        }","        return this","      }","","    , methods = {","          'on'             : on","        , 'addListener'    : on","        , 'bind'           : on","        , 'listen'         : on","        , 'delegate'       : add // jQuery compat, same arg order as add()","","        , 'one'            : one","","        , 'off'            : off","        , 'unbind'         : off","        , 'unlisten'       : off","        , 'removeListener' : off","        , 'undelegate'     : off","","        , 'emit'           : fire","        , 'trigger'        : fire","","        , 'cloneEvents'    : clone","","        , 'hover'          : hover","      }","","    , shortcuts =","         ('blur change click dblclick error focus focusin focusout keydown keypress '","        + 'keyup load mousedown mouseenter mouseleave mouseout mouseover mouseup '","        + 'mousemove resize scroll select submit unload').split(' ')","","  for (var i = shortcuts.length; i--;) {","    methods[shortcuts[i]] = integrate('on', shortcuts[i])","  }","","  b['setSelectorEngine']($)","","  $.ender(methods, true)","}(ender);"],"l":{"1":2,"2":0,"5":0,"6":0,"7":0,"8":0,"9":0,"11":0,"23":0,"24":0,"25":0,"27":0,"58":0,"59":0,"62":0,"64":0}}}